--------------------------------------------------
Data   Type:		0
Resp.  Stat:		0
Sequence No:		1
Packet Data:
large.txt

CRC result: 4b96	c4d8	0
CRC result: c1f0	3021	1
CRC result: c506	686	2
CRC result: 7392	d2e8	3
CRC result: 80a5	b5c9	4
CRC result: 747a	3710	5
CRC result: 7b7e	eced	6
CRC result: 493	5891	7
CRC result: 67ac	d72c	8
CRC result: f1a5	50f3	9
CRC result: 9f8f	3066	10
CRC result: 3d7c	f4dc	11
CRC result: c84d	44d3	12
CRC result: 97e6	7eab	13
CRC result: a6ad	bdc1	14
CRC result: e7b4	eb39	15
CRC result: a625	8384	16
CRC result: 5bdd	d410	17
CRC result: ca38	5498	18
CRC result: ac9d	4207	19
CRC result: 2dd3	9b76	100
CRC result: 3fd4	f309	101
CRC result: 2cc6	40c2	102
CRC result: d5fb	2777	103
CRC result: d137	b1a8	104
CRC result: ba1a	c505	105
CRC result: 6b76	1b2	106
CRC result: 4775	e2b5	107
CRC result: 4fe8	35cf	108
CRC result: ec47	d8d6	109
CRC result: 4c39	9a5f	110
CRC result: 5f62	bd78	111
CRC result: a97b	9d35	112
CRC result: dc98	1469	113
CRC result: 2355	5c86	114
CRC result: 77bd	bd9b	115
CRC result: 6540	c80e	116
CRC result: d3e3	2618	117
CRC result: a4fc	9b38	118
CRC result: 7261	3131	119
CRC result: 35e6	fb3c	200
CRC result: bd35	93d5	201
CRC result: 435e	fd60	202
CRC result: 52c7	3854	203
CRC result: 33c4	9e49	204
CRC result: 2a77	acc1	205
CRC result: 16cc	8e10	206
CRC result: 1c7a	70b	207
CRC result: 3a32	fc59	208
CRC result: 8504	bea2	209
CRC result: 9c80	f731	210
CRC result: 5389	27d3	211
CRC result: 6f6f	5b47	212
CRC result: 3f9f	2c2d	213
CRC result: 5282	b5eb	214
CRC result: dbfb	cf1e	215
CRC result: 854a	b557	216
CRC result: e8e1	c163	217
CRC result: be2f	6089	218
CRC result: 7991	539	219
CRC result: 6567	757f	300
CRC result: a14f	53a5	301
CRC result: 5377	31b1	302
CRC result: b331	2456	303
CRC result: c81e	4c49	304
CRC result: ef4c	4926	305
CRC result: eb60	2252	306
CRC result: 4f2	44bb	307
CRC result: 871	a5b7	308
CRC result: e947	1ee7	309
CRC result: 40e2	40ac	310
CRC result: ee3c	8c8a	311
CRC result: 3ac3	5be6	312
CRC result: 8d35	7505	313
CRC result: 8bd7	942d	314
CRC result: 1abb	819	315
CRC result: 60a2	6dda	316
CRC result: 1640	6d2d	317
CRC result: 1ced	f6af	318
CRC result: ba0b	3220	319
CRC result: 75d	20ab	400
CRC result: 9566	3816	401
CRC result: 8b40	fd1	402
CRC result: 1342	fa20	403
CRC result: cce4	e54e	404
CRC result: 7c8e	dcd5	405
CRC result: 5c9d	90f0	406
CRC result: e528	3234	407
CRC result: 7129	efe3	408
CRC result: d0ab	57fb	409
CRC result: 4ad6	1894	410
CRC result: d8a0	540a	411
CRC result: c8df	fed5	412
CRC result: e02	a209	413
CRC result: afb8	29a	414
CRC result: 7a6b	2c6c	415
CRC result: b93	a0ea	416
CRC result: d196	1623	417
CRC result: dafd	6105	418
CRC result: 6d2a	af3	419
CRC result: 1b0d	f942	500
CRC result: 662b	520b	501
CRC result: 5b7e	5458	502
CRC result: 44d1	f64b	503
CRC result: 5d0a	3bec	504
CRC result: 894f	6ee2	505
CRC result: 20b0	1be6	506
CRC result: 18fb	8de4	507
CRC result: 513	ca89	508
CRC result: c116	1290	509
CRC result: 7502	dba6	510
CRC result: ad45	6f08	511
CRC result: 3def	7f66	512
CRC result: 6291	b6bf	513
CRC result: 9a83	35ae	514
CRC result: db07	3239	515
CRC result: be38	558c	516
CRC result: 2442	3efc	517
CRC result: be7d	ad9a	518
CRC result: 9b17	47e9	519
CRC result: 939a	ac4a	600
CRC result: f83c	14de	601
CRC result: d0a0	637d	602
CRC result: d9db	81c2	603
CRC result: 70a3	be2f	604
CRC result: a666	35b7	605
CRC result: bb74	9b69	606
CRC result: 6ff7	58ce	607
CRC result: f325	b608	608
CRC result: 60a1	3408	609
CRC result: 602c	6212	610
CRC result: 9912	9914	611
CRC result: c2d6	7998	612
CRC result: 4a0f	6ff0	613
CRC result: 7d21	5dac	614
CRC result: 8e4a	2e11	615
CRC result: 8b37	8c10	616
CRC result: 4f59	dfe4	617
CRC result: 2e5d	e560	618
CRC result: 67c2	b417	619
CRC result: f844	c08a	700
CRC result: ce78	9777	701
CRC result: 5c3	5383	702
CRC result: bf1c	16dd	703
CRC result: 8614	3e57	704
CRC result: 70d	dd67	705
CRC result: a095	3b92	706
CRC result: 39da	6cd5	707
CRC result: 1e9e	5d7a	708
CRC result: fe6a	6f7b	709
CRC result: dbf8	4b6e	710
CRC result: a3e6	d16f	711
CRC result: fb3d	d6c	712
CRC result: 8e39	78f4	713
CRC result: b277	b6e5	714
CRC result: d83f	bea6	715
CRC result: 9ee7	1a00	716
CRC result: f400	f9e6	717
CRC result: 697e	e01e	718
CRC result: 9696	b77	719
CRC result: d5db	d98a	800
CRC result: 8eea	8a1e	801
CRC result: c302	cf13	802
CRC result: fb8e	9845	803
CRC result: 2b23	fce7	804
CRC result: a03c	ecbf	805
CRC result: bde3	6f70	806
CRC result: 4880	5376	807
CRC result: 95cb	c58e	808
CRC result: 104	801d	809
CRC result: 9bcd	3351	810
CRC result: 958d	bdba	811
CRC result: 117a	6063	812
CRC result: 4746	7364	813
CRC result: 73d	756a	814
CRC result: 1fc7	11aa	815
CRC result: 2ff7	e54f	816
CRC result: c711	6e53	817
CRC result: a4cf	4c62	818
CRC result: 9618	6754	819
CRC result: 8ee0	aa12	900
CRC result: 110b	9d2e	901
CRC result: e6fe	bfd8	902
CRC result: f06e	d7cc	903
CRC result: 411	1395	904
CRC result: 54a1	147b	905
CRC result: 94e1	c27	906
CRC result: a82a	4e59	907
CRC result: c45b	92	908
CRC result: 12db	64f5	909
CRC result: 3654	bf7f	910
CRC result: e3f2	8e67	911
CRC result: 8e99	bc9d	912
CRC result: 1714	f7a	913
CRC result: e6d7	5575	914
CRC result: 9b41	fc0f	915
CRC result: c1a2	4f8d	916
CRC result: 9267	bf0b	917
CRC result: 7f2a	c370	918
CRC result: eec3	38b3	919
CRC result: 160c	8f2f	1000
CRC result: a93a	e136	1001
CRC result: b86d	871f	1002
CRC result: e368	bfa	1003
CRC result: 45ad	4c26	1004
CRC result: 355d	d41f	1005
CRC result: 651	f156	1006
CRC result: b89e	f48d	1007
CRC result: a3ea	b968	1008
CRC result: 587a	f2ab	1009
CRC result: 490b	a09b	1010
CRC result: 886c	f5c2	1011
CRC result: 2bb1	7421	1012
CRC result: 2f83	f8ca	1013
CRC result: 4c5c	3ec2	1014
CRC result: 5cb	53b6	1015
CRC result: 47d3	1893	1016
CRC result: f8c8	47b8	1017
CRC result: 8cef	dd2d	1018
CRC result: 402d	133e	1019
CRC result: 5658	64a4	1100
CRC result: 81cd	af8e	1101
CRC result: 7ea7	3658	1102
CRC result: a495	cd14	1103
CRC result: 13f8	3656	1104
CRC result: a33a	ff2b	1105
CRC result: c9d	86be	1106
CRC result: 1908	e647	1107
CRC result: a709	fcd1	1108
CRC result: ce32	7b4f	1109
CRC result: 1d3b	1f9d	1110
CRC result: b02	c753	1111
CRC result: 3d58	ada4	1112
CRC result: 6630	3a76	1113
CRC result: 7866	153d	1114
CRC result: 4a27	6e78	1115
CRC result: d03e	65c2	1116
CRC result: 922a	f5be	1117
CRC result: 7764	9c8b	1118
CRC result: bb54	81ca	1119
CRC result: 2a8c	377a	1200
CRC result: c2f	37fd	1201
CRC result: 639b	b61b	1202
CRC result: 87b2	4423	1203
CRC result: 2f6a	c897	1204
CRC result: c590	6ee2	1205
CRC result: bf68	b06b	1206
CRC result: 443	d0e3	1207
CRC result: dd37	5b49	1208
CRC result: 6c3	1688	1209
CRC result: bb12	e626	1210
CRC result: 409a	bf29	1211
CRC result: 6246	ada4	1212
CRC result: 92a	a625	1213
CRC result: 7da6	7ac1	1214
CRC result: c577	404e	1215
CRC result: c741	3988	1216
CRC result: c6d5	e5f2	1217
CRC result: 43c6	b6e6	1218
CRC result: a73b	5afb	1219
CRC result: 4dca	454f	1300
CRC result: b755	5337	1301
CRC result: 18b8	9389	1302
CRC result: 873c	ce12	1303
CRC result: a763	9126	1304
CRC result: a76a	20ac	1305
CRC result: 62f5	bd00	1306
CRC result: 18e2	13bb	1307
CRC result: b0f6	49e0	1308
CRC result: f939	d129	1309
CRC result: 4cca	f93e	1310
CRC result: 49e4	68dd	1311
CRC result: 2734	2ae7	1312
CRC result: 34dd	bf78	1313
CRC result: bc44	5d92	1314
CRC result: f488	63ba	1315
CRC result: f851	2a27	1316
CRC result: 22c	4e45	1317
CRC result: fb9c	bf32	1318
CRC result: b2ed	5216	1319
CRC result: b0d6	c808	1400
CRC result: 813b	5824	1401
CRC result: ae0c	5e98	1402
CRC result: 7a14	c4a	1403
CRC result: cef6	3cc9	1404
CRC result: 5c5e	8f81	1405
CRC result: c784	d2dd	1406
CRC result: 9f08	e21f	1407
CRC result: 5f1d	98aa	1408
CRC result: 5b6c	f726	1409
CRC result: 6a25	587a	1410
CRC result: 174a	e318	1411
CRC result: 9793	da7e	1412
CRC result: f2b9	b7ed	1413
CRC result: bfc8	8fa1	1414
CRC result: b04e	58c6	1415
CRC result: 51f0	22ea	1416
CRC result: b936	973	1417
CRC result: 7517	a6e9	1418
CRC result: b192	bf08	1419
CRC result: f5b2	2d1	1500
CRC result: 479a	789f	1501
CRC result: 950	1b0f	1502
CRC result: 967e	bda0	1503
CRC result: da34	f6f5	1504
CRC result: 8dd4	68b5	1505
CRC result: a431	505	1506
CRC result: 1097	1797	1507
CRC result: 34cd	ceb1	1508
CRC result: 3d70	484b	1509
CRC result: fff3	d42f	1510
CRC result: 61c2	1677	1511
CRC result: 321a	e16b	1512
CRC result: aa5b	4e86	1513
CRC result: 9abb	3279	1514
CRC result: 3de4	6462	1515
CRC result: 29f1	492e	1516
CRC result: d047	5b2	1517
CRC result: f8aa	5454	1518
CRC result: 27d6	3e67	1519
CRC result: 2ba8	feb6	1600
CRC result: 4bc4	24dd	1601
CRC result: 2359	6d8b	1602
CRC result: ee21	ceb3	1603
CRC result: 3527	3dc6	1604
CRC result: 937f	1cc7	1605
CRC result: f907	50a8	1606
CRC result: 68a4	c9b7	1607
CRC result: a377	5245	1608
CRC result: b377	4106	1609
CRC result: e211	34c5	1610
CRC result: 890e	a21b	1611
CRC result: a10a	9ae8	1612
CRC result: d3b7	2b7a	1613
CRC result: d850	abed	1614
CRC result: cfcf	4a67	1615
CRC result: c36b	f83	1616
CRC result: 50e0	c158	1617
CRC result: 2cc1	93c9	1618
CRC result: 83df	f63b	1619
CRC result: 350b	d7a	1700
CRC result: fea2	dc4d	1701
CRC result: c5bc	741f	1702
CRC result: 183f	3a46	1703
CRC result: 7c73	a038	1704
CRC result: 1af9	9b95	1705
CRC result: 7e5f	e9fd	1706
CRC result: f2fd	99c7	1707
CRC result: e657	9525	1708
CRC result: 63f9	28bd	1709
CRC result: 7300	5332	1710
CRC result: 926e	f51a	1711
CRC result: 10a	f15e	1712
CRC result: 4cab	ca91	1713
CRC result: 7028	de04	1714
CRC result: f1f8	3f6a	1715
CRC result: d2c2	2836	1716
CRC result: 46b5	429	1717
CRC result: 21f4	6565	1718
CRC result: b5cc	df24	1719
CRC result: 3dc1	ecbe	1800
CRC result: 371f	d1be	1801
CRC result: 2d5c	fa61	1802
CRC result: 7983	d4a8	1803
CRC result: d504	fc78	1804
CRC result: a22a	80dd	1805
CRC result: fff5	75a1	1806
CRC result: 54ac	fa4e	1807
CRC result: 8fd	92d0	1808
CRC result: 1bd9	3dcc	1809
CRC result: 4323	c5ea	1810
CRC result: e16	f24a	1811
CRC result: 63aa	8891	1812
CRC result: a265	1587	1813
CRC result: 7241	919a	1814
CRC result: c6e7	d34d	1815
CRC result: d111	f06e	1816
CRC result: 2341	54d3	1817
CRC result: 2382	6375	1818
CRC result: 76c3	7f79	1819
CRC result: 4b0c	ca12	1900
CRC result: e6ed	7a60	1901
CRC result: 7d01	4d83	1902
CRC result: 1cf1	591a	1903
CRC result: 85b5	ada1	1904
CRC result: 8f78	2d3a	1905
CRC result: f8ea	8574	1906
CRC result: bc7e	22e0	1907
CRC result: a7da	f508	1908
CRC result: e4ce	9996	1909
CRC result: 39a7	3698	1910
CRC result: c407	5035	1911
CRC result: 5e67	f2ef	1912
CRC result: ef4d	2453	1913
CRC result: 840c	a748	1914
CRC result: e6bd	53bd	1915
CRC result: b5c9	8193	1916
CRC result: becb	22a8	1917
CRC result: bba0	3ace	1918
CRC result: 76c3	4c1	1919
CRC result: f576	9dbd	2000
CRC result: 2fbb	7db8	2001
CRC result: c222	d4c5	2002
CRC result: e8c7	1298	2003
CRC result: e876	d941	2004
CRC result: ccdf	1544	2005
CRC result: b4f5	7672	2006
CRC result: 7447	cd60	2007
CRC result: d825	6be9	2008
CRC result: 3ec8	7656	2009
CRC result: bc2a	c2aa	2010
CRC result: 14f9	54b1	2011
CRC result: a136	d7fc	2012
CRC result: 7c7d	19f7	2013
CRC result: 6380	c6d3	2014
CRC result: d846	8512	2015
CRC result: ac87	8e60	2016
CRC result: d7de	37fc	2017
CRC result: 7a51	9fce	2018
CRC result: f06e	b6a6	2019
CRC result: ae18	610f	2100
CRC result: 4b32	5220	2101
CRC result: 25f4	2ea7	2102
CRC result: 71ad	e20d	2103
CRC result: fd2c	4346	2104
CRC result: 7a03	9186	2105
CRC result: b203	6a31	2106
CRC result: 448c	792d	2107
CRC result: abd4	c030	2108
CRC result: 8b0c	4419	2109
CRC result: fdd6	fc73	2110
CRC result: 5da5	55c0	2111
CRC result: ce90	c249	2112
CRC result: 7fce	1b15	2113
CRC result: 3c46	b1b4	2114
CRC result: 5b24	b8ba	2115
CRC result: 82c	9c63	2116
CRC result: 3e50	ef7d	2117
CRC result: a1c7	d2b	2118
CRC result: 7e7b	1f27	2119
CRC result: 355e	dea9	2200
CRC result: 895	814d	2201
CRC result: cc85	25f3	2202
CRC result: eadf	acda	2203
CRC result: 3000	12e	2204
CRC result: ce7f	6e67	2205
CRC result: 1ff1	1c76	2206
CRC result: 3a56	dc32	2207
CRC result: e8b4	8810	2208
CRC result: 6da3	e0e	2209
CRC result: e3bc	50ab	2210
CRC result: df7b	8c61	2211
CRC result: bf2	4e69	2212
CRC result: 4876	e91f	2213
CRC result: a7e1	7f30	2214
CRC result: 15dc	35e8	2215
CRC result: 3467	d8ca	2216
CRC result: b55a	a937	2217
CRC result: b58e	b093	2218
CRC result: 93b9	7673	2219
CRC result: ed52	56b3	2300
CRC result: 46e	6075	2301
CRC result: 6cb4	e719	2302
CRC result: cfbd	fdcb	2303
CRC result: 1603	fa60	2304
CRC result: a8c1	85fb	2305
CRC result: 90d	3019	2306
CRC result: 651b	7c4b	2307
CRC result: eb06	ee68	2308
CRC result: 72e5	79e7	2309
CRC result: ac14	54bf	2310
CRC result: 563f	ef56	2311
CRC result: 3bcc	75f8	2312
CRC result: 7853	ee9d	2313
CRC result: e36a	d302	2314
CRC result: e131	2767	2315
CRC result: a243	68e7	2316
CRC result: d7d9	61e4	2317
CRC result: cea	77f8	2318
CRC result: b13	d3c1	2319
CRC result: 8e50	ab41	2400
CRC result: ffe0	3f7f	2401
CRC result: 1d37	8c69	2402
CRC result: 412e	82be	2403
CRC result: 7cc5	8ed6	2404
CRC result: adfe	7937	2405
CRC result: 5fbd	e807	2406
CRC result: ed8e	ccd0	2407
CRC result: b38a	fc57	2408
CRC result: 896a	9e4e	2409
CRC result: 7981	f49c	2410
CRC result: 5add	b645	2411
CRC result: e041	f09f	2412
CRC result: bf65	8488	2413
CRC result: 8249	d6bc	2414
CRC result: 4937	d0a9	2415
CRC result: 8fd5	5a60	2416
CRC result: 8dff	7790	2417
CRC result: 585	c4ac	2418
CRC result: 480	307f	2419
CRC result: 655f	92cb	2500
CRC result: a3c	6b18	2501
CRC result: e941	6522	2502
CRC result: a4ac	4f25	2503
CRC result: e965	1745	2504
CRC result: 4541	6a96	2505
CRC result: e576	f7db	2506
CRC result: 3c46	5036	2507
CRC result: bf3c	ab36	2508
CRC result: 4477	ca56	2509
CRC result: bc23	b85d	2510
CRC result: d972	9d18	2511
CRC result: 6b9b	e93d	2512
CRC result: 54fc	12c6	2513
CRC result: 702b	9acf	2514
CRC result: 29d	54af	2515
CRC result: 799c	57a	2516
CRC result: 299c	beca	2517
CRC result: 529	a1a4	2518
CRC result: 963	1499	2519
CRC result: affa	cfca	2600
CRC result: dd2f	4c57	2601
CRC result: 7531	9b52	2602
CRC result: 24d5	707	2603
CRC result: 8a01	fce4	2604
CRC result: 990a	a988	2605
CRC result: da9a	f21	2606
CRC result: c761	d73b	2607
CRC result: 491	c32	2608
CRC result: a54c	b5e1	2609
CRC result: ba03	b1b7	2610
CRC result: 258e	e8e4	2611
CRC result: 23d4	1feb	2612
CRC result: 6bc5	862e	2613
CRC result: 445b	3de	2614
CRC result: 465b	2192	2615
CRC result: c142	878	2616
CRC result: 4219	544e	2617
CRC result: 2bcf	1cc7	2618
CRC result: 7077	5874	2619
CRC result: 12c0	7a4b	2700
CRC result: 919c	be91	2701
CRC result: c612	e21c	2702
CRC result: 67fb	7247	2703
CRC result: dd0e	a42	2704
CRC result: 9ad2	78a5	2705
CRC result: 2034	690c	2706
CRC result: 22ea	c464	2707
CRC result: 8ad3	300d	2708
CRC result: fd02	d71c	2709
CRC result: a627	e3a	2710
CRC result: 3feb	f272	2711
CRC result: 3146	4004	2712
CRC result: a8ee	dbfd	2713
CRC result: 126	afe8	2714
CRC result: 4788	6bc4	2715
CRC result: 31c9	5148	2716
CRC result: 771f	be9e	2717
CRC result: c5a1	56f7	2718
CRC result: c472	c6d7	2719
CRC result: 6439	700b	2800
CRC result: e8d3	7312	2801
CRC result: d1b4	3de3	2802
CRC result: b80f	e7ee	2803
CRC result: 1505	c25	2804
CRC result: 562e	b15	2805
CRC result: 4777	5839	2806
CRC result: 2a09	a78f	2807
CRC result: bea5	645c	2808
CRC result: c382	7cc2	2809
CRC result: 32b1	3282	2810
CRC result: 9e6	e72a	2811
CRC result: 6042	72a7	2812
CRC result: 4a14	8fd2	2813
CRC result: 448d	1cb9	2814
CRC result: 22e8	9830	2815
CRC result: 7412	ca34	2816
CRC result: 363	bc95	2817
CRC result: 9a62	e2eb	2818
CRC result: fee0	992b	2819
CRC result: 8d0	d0bc	2900
CRC result: fa1	1e1d	2901
CRC result: a11e	32e0	2902
CRC result: ea5f	5791	2903
CRC result: e11b	a189	2904
CRC result: b585	6419	2905
CRC result: ef8f	9ca8	2906
CRC result: 444d	9eb6	2907
CRC result: 2125	5ccc	2908
CRC result: af84	36e4	2909
CRC result: fb5e	b18a	2910
CRC result: 93f2	3dc	2911
CRC result: f1f3	6296	2912
CRC result: f39d	5a47	2913
CRC result: 721d	792a	2914
CRC result: e818	cb5f	2915
CRC result: db61	7fb2	2916
CRC result: 43d	82eb	2917
CRC result: c173	1aa	2918
CRC result: 61a7	5354	2919
CRC result: d368	51c7	3000
CRC result: fccf	fc66	3001
CRC result: c278	5f4c	3002
CRC result: 431a	73f2	3003
CRC result: 9b71	aca0	3004
CRC result: e601	e964	3005
CRC result: 85	5318	3006
CRC result: 6fc9	4d66	3007
CRC result: ab25	6f59	3008
CRC result: 538	31c9	3009
CRC result: 13a4	b9ed	3010
CRC result: 31e7	5246	3011
CRC result: 977c	50c3	3012
CRC result: e104	5d8	3013
CRC result: bff	c191	3014
CRC result: a6e9	5a30	3015
CRC result: 8412	9e53	3016
CRC result: 18df	3ec3	3017
CRC result: 3203	fba8	3018
CRC result: a14e	265e	3019
CRC result: 8fb8	c02	3100
CRC result: 6d6e	1e38	3101
CRC result: 33db	d199	3102
CRC result: f2fd	3aa7	3103
CRC result: b6a2	af15	3104
CRC result: 5ae1	ca43	3105
CRC result: 75db	733f	3106
CRC result: 368	2f1a	3107
CRC result: 5288	6594	3108
CRC result: 6232	3ba4	3109
CRC result: dbe9	f9c2	3110
CRC result: 56fc	3e51	3111
CRC result: e718	2dec	3112
CRC result: b4db	def4	3113
CRC result: 218e	3842	3114
CRC result: d32d	9d9f	3115
CRC result: 551a	3576	3116
CRC result: 87d4	daee	3117
CRC result: d199	6822	3118
CRC result: f3e0	5812	3119
CRC result: 841	8b4a	3200
CRC result: 57b5	998d	3201
CRC result: aa8e	2e31	3202
CRC result: 756f	7b57	3203
CRC result: d2b2	e9fe	3204
CRC result: 138c	f53e	3205
CRC result: c6e6	1c58	3206
CRC result: c81	717c	3207
CRC result: fc43	7912	3208
CRC result: 291e	3a56	3209
CRC result: 1b3b	4a18	3210
CRC result: 71fa	9112	3211
CRC result: bb56	c93a	3212
CRC result: c4d4	f5e8	3213
CRC result: a72f	ee94	3214
CRC result: 16a4	223d	3215
CRC result: 89d	b718	3216
CRC result: 2806	bcee	3217
CRC result: 2c27	a029	3218
CRC result: dc72	35a5	3219
CRC result: 7cbe	dc0d	3300
CRC result: 440f	e410	3301
CRC result: db11	e70b	3302
CRC result: 4bbc	5083	3303
CRC result: 1cf0	479	3304
CRC result: fedf	58d1	3305
CRC result: f8e2	af75	3306
CRC result: 498e	6248	3307
CRC result: f11d	89aa	3308
CRC result: c36f	2a0	3309
CRC result: db45	72a4	3310
CRC result: 4dad	350c	3311
CRC result: c572	ae43	3312
CRC result: cc88	abf1	3313
CRC result: d6da	ca5f	3314
CRC result: 6c35	d69b	3315
CRC result: 3704	5aae	3316
CRC result: 2fb3	b441	3317
CRC result: 889	572b	3318
CRC result: 667a	5eb2	3319
CRC result: 7cc4	28eb	3400
CRC result: 4b9b	89af	3401
CRC result: 4e5b	cad7	3402
CRC result: ad2a	48d6	3403
CRC result: 7dc5	5abc	3404
CRC result: 2fe5	6843	3405
CRC result: 1701	cdf4	3406
CRC result: df5d	6601	3407
CRC result: a938	9630	3408
CRC result: e59d	bf4b	3409
CRC result: f39b	4d4e	3410
CRC result: 20f1	a65a	3411
CRC result: be84	281	3412
CRC result: 1c1f	bd1d	3413
CRC result: 432	6b14	3414
CRC result: cc65	9f9e	3415
CRC result: c9d3	8704	3416
CRC result: 9394	5b1b	3417
CRC result: 5804	cffd	3418
CRC result: d3c3	c10e	3419
CRC result: 30cd	a097	3500
CRC result: 965d	264b	3501
CRC result: efc	845a	3502
CRC result: d80f	8265	3503
CRC result: 737a	28bb	3504
CRC result: 14ee	1d6	3505
CRC result: 6f22	8b91	3506
CRC result: 2509	fb8d	3507
CRC result: 8bc1	9c7c	3508
CRC result: 1956	88ec	3509
CRC result: 9b2c	8d98	3510
CRC result: a97f	16c	3511
CRC result: 88b	c649	3512
CRC result: 73da	3966	3513
CRC result: ccf	ab20	3514
CRC result: c40d	4e7f	3515
CRC result: abe9	78e6	3516
CRC result: 4198	c2c4	3517
CRC result: ee25	c88a	3518
CRC result: e13a	bf5a	3519
CRC result: fac0	4de	3600
CRC result: a6fb	138f	3601
CRC result: 9f26	ad4f	3602
CRC result: b10c	944e	3603
CRC result: 654f	e4a5	3604
CRC result: 6ce5	76ee	3605
CRC result: a3c8	6282	3606
CRC result: d667	d67d	3607
CRC result: 2aba	742a	3608
CRC result: 2850	412b	3609
CRC result: 87f4	fcc0	3610
CRC result: cdf3	ec5c	3611
CRC result: 359a	d09a	3612
CRC result: 5085	b799	3613
CRC result: d9fd	7827	3614
CRC result: a3cb	5ea0	3615
CRC result: 253a	ecdf	3616
CRC result: 65ea	bf85	3617
CRC result: e98	8c8b	3618
CRC result: 4146	3144	3619
CRC result: 67a7	b287	3700
CRC result: e67a	c440	3701
CRC result: c39c	cce5	3702
CRC result: 17bf	46ff	3703
CRC result: 5e6a	9971	3704
CRC result: a571	9c82	3705
CRC result: 89e0	c89c	3706
CRC result: c937	c16e	3707
CRC result: 2ea	14c7	3708
CRC result: 24d6	86e4	3709
CRC result: e428	c22e	3710
CRC result: 2a43	9e01	3711
CRC result: 87f8	e4a6	3712
CRC result: 8cf2	b7d0	3713
CRC result: 4dd7	6f98	3714
CRC result: 1ee6	ead2	3715
CRC result: 63db	770f	3716
CRC result: b3ac	d41a	3717
CRC result: 8519	a819	3718
CRC result: 95d9	671	3719
CRC result: 297d	fdb6	3800
CRC result: 6586	949f	3801
CRC result: cedc	ccf0	3802
CRC result: edbf	a564	3803
CRC result: d368	4d0e	3804
CRC result: afde	192d	3805
CRC result: a654	8f39	3806
CRC result: 563c	3709	3807
CRC result: a87	76f1	3808
CRC result: 76ee	a4a6	3809
CRC result: 77ab	1e82	3810
CRC result: 1e58	b6be	3811
CRC result: e142	baf3	3812
CRC result: 9326	f0a6	3813
CRC result: 8919	9f07	3814
CRC result: de	2b13	3815
CRC result: a481	3c89	3816
CRC result: b585	75b3	3817
CRC result: 9f15	6fbe	3818
CRC result: d5f9	8a6e	3819
CRC result: 539c	83ab	3900
CRC result: 2772	b7b	3901
CRC result: 8898	4f9b	3902
CRC result: c435	9c8a	3903
CRC result: 995	48c3	3904
CRC result: 19b9	f8f6	3905
CRC result: f988	7d23	3906
CRC result: a5e5	4802	3907
CRC result: f8e0	289b	3908
CRC result: 8499	735d	3909
CRC result: 6ebe	6822	3910
CRC result: 2e70	b137	3911
CRC result: b6d1	6563	3912
CRC result: 36a	3486	3913
CRC result: 22ef	f8e4	3914
CRC result: 9cae	cded	3915
CRC result: c135	1638	3916
CRC result: b79b	8d3a	3917
CRC result: 72da	a5a0	3918
CRC result: dad9	6375	3919
CRC result: 104a	458f	4000
CRC result: f1d7	70aa	4001
CRC result: 8f5c	cc2f	4002
CRC result: 7626	c4ae	4003
CRC result: 5118	f69b	4004
CRC result: 690f	add4	4005
CRC result: 47e0	9505	4006
CRC result: 98af	d60e	4007
CRC result: c676	5e35	4008
CRC result: c95d	1026	4009
CRC result: 498a	8ddd	4010
CRC result: 89a2	f351	4011
CRC result: 90f8	cbc3	4012
CRC result: 4fe2	b755	4013
CRC result: da39	5ccf	4014
CRC result: 6739	7c66	4015
CRC result: 9a70	2bad	4016
CRC result: a251	ee80	4017
CRC result: 8765	51b4	4018
CRC result: f870	97a5	4019
CRC result: a780	8fee	4100
CRC result: 3800	1991	4101
CRC result: dc08	33a8	4102
CRC result: 5fee	431b	4103
CRC result: d9c8	4203	4104
CRC result: 9962	f195	4105
CRC result: 8ceb	7b19	4106
CRC result: 218b	dbf0	4107
CRC result: 601f	4a1d	4108
CRC result: bb87	1a98	4109
CRC result: 28fe	606a	4110
CRC result: d29f	40d0	4111
CRC result: c3da	7836	4112
CRC result: 9da7	adb1	4113
CRC result: 486	7812	4114
CRC result: da72	8a67	4115
CRC result: e085	780c	4116
CRC result: 5ca6	9fa2	4117
CRC result: 96a4	2791	4118
CRC result: 2c0d	b0bc	4119
CRC result: e0d6	f6b3	4200
CRC result: 955e	3ad2	4201
CRC result: 5ed0	e108	4202
CRC result: ce62	f49c	4203
CRC result: 74b2	4478	4204
CRC result: d9b4	937f	4205
CRC result: 6a5e	2fc4	4206
CRC result: 8fde	6b70	4207
CRC result: 446c	320f	4208
CRC result: cddb	118a	4209
CRC result: cfae	432d	4210
CRC result: e470	9d06	4211
CRC result: 4417	e409	4212
CRC result: bc2d	cfbf	4213
CRC result: 80bb	71ec	4214
CRC result: 6094	40be	4215
CRC result: e9b4	4822	4216
CRC result: 7cb3	c8ec	4217
CRC result: 8623	5f9d	4218
CRC result: 496a	3a17	4219
CRC result: 9e76	4eae	4300
CRC result: 2029	254c	4301
CRC result: 4222	b478	4302
CRC result: 5e1d	8d8f	4303
CRC result: 2ea4	1857	4304
CRC result: b807	c88a	4305
CRC result: 8415	496c	4306
CRC result: 8916	7cf	4307
CRC result: 5b91	1ec2	4308
CRC result: f978	10e5	4309
CRC result: 2d8	bd08	4310
CRC result: 8752	efc3	4311
CRC result: 8968	4ef5	4312
CRC result: 5e5	72d8	4313
CRC result: 5603	d258	4314
CRC result: 21a9	f8df	4315
CRC result: 9f7	5aad	4316
CRC result: 48c	9d35	4317
CRC result: ce78	6b0e	4318
CRC result: ce36	5f53	4319
CRC result: 901	453b	4400
CRC result: 244b	8d03	4401
CRC result: ece2	a6c1	4402
CRC result: ee7b	f1e	4403
CRC result: 8b70	c0d9	4404
CRC result: 3550	cecb	4405
CRC result: fb9	2112	4406
CRC result: b1ba	34c9	4407
CRC result: a64e	4b56	4408
CRC result: 6d2f	b192	4409
CRC result: 8232	5e29	4410
CRC result: 1022	4fe4	4411
CRC result: 4def	9fa9	4412
CRC result: 1a2	cd73	4413
CRC result: cd5	1b4a	4414
CRC result: e50f	cff6	4415
CRC result: c93a	d877	4416
CRC result: 3dc6	5dc	4417
CRC result: 235c	71a3	4418
CRC result: 90bc	ad28	4419
CRC result: 3d07	39cc	4500
CRC result: 3f94	d1d0	4501
CRC result: 9370	2280	4502
CRC result: abc9	ca2d	4503
CRC result: 6ec3	54d7	4504
CRC result: 4de0	cc34	4505
CRC result: 7c1a	bd59	4506
CRC result: 1d91	826b	4507
CRC result: c356	16d4	4508
CRC result: e0ce	8bbc	4509
CRC result: ebf1	cb85	4510
CRC result: e158	c10f	4511
CRC result: f2ed	1b05	4512
CRC result: 3c69	8010	4513
CRC result: 48b4	23a1	4514
CRC result: acc6	4fea	4515
CRC result: c39e	c89a	4516
CRC result: 1f8b	a562	4517
CRC result: 404b	5212	4518
CRC result: d5e2	c5c7	4519
CRC result: 8d59	ce30	4600
CRC result: f7b4	9db4	4601
CRC result: 264	b98	4602
CRC result: 89a2	22db	4603
CRC result: d636	be4c	4604
CRC result: ddc2	e3c8	4605
CRC result: eae4	10	4606
CRC result: 911	1706	4607
CRC result: bec5	d695	4608
CRC result: ba41	a002	4609
CRC result: 503d	d432	4610
CRC result: 16b0	271b	4611
CRC result: a9ce	10d2	4612
CRC result: eab9	f004	4613
CRC result: e542	174b	4614
CRC result: dc3e	718c	4615
CRC result: a6b4	9fcb	4616
CRC result: 1350	1235	4617
CRC result: aea1	629c	4618
CRC result: e1b5	edde	4619
CRC result: 519e	7421	4700
CRC result: 2197	7c4f	4701
CRC result: 23d8	8165	4702
CRC result: 94bb	a6cd	4703
CRC result: cf26	6a67	4704
CRC result: fb70	b757	4705
CRC result: 2b4b	1c79	4706
CRC result: f551	2938	4707
CRC result: 3b14	2e92	4708
CRC result: 749c	4a55	4709
CRC result: 7ec6	f2c1	4710
CRC result: 9ff7	d1ec	4711
CRC result: ba1	d897	4712
CRC result: 3d1d	4d2b	4713
CRC result: 8852	1ecb	4714
CRC result: 312d	b290	4715
CRC result: 7d93	6e8e	4716
CRC result: f949	2326	4717
CRC result: 9619	bfb9	4718
CRC result: 3882	4708	4719
CRC result: f76f	44e3	4800
CRC result: 75bb	1cb2	4801
CRC result: a4d5	e493	4802
CRC result: 1154	a16d	4803
CRC result: f805	7f64	4804
CRC result: 6ece	f1ec	4805
CRC result: ed6	a34f	4806
CRC result: bd66	2f15	4807
CRC result: 2b06	ddb7	4808
CRC result: c79a	1021	4809
CRC result: fcc1	7f00	4810
CRC result: 54a4	b15d	4811
CRC result: 5c71	4485	4812
CRC result: feeb	14a	4813
CRC result: 9bb9	5b6a	4814
CRC result: 5a92	c635	4815
CRC result: d6b7	aee9	4816
CRC result: 9bdb	f887	4817
CRC result: 273b	128f	4818
CRC result: 4536	6232	4819
CRC result: c67	bc4	4900
CRC result: 95b	5522	4901
CRC result: 67d1	cc4b	4902
CRC result: 5cab	8a4e	4903
CRC result: cc35	a4e6	4904
CRC result: 3bb6	93b7	4905
CRC result: 6d85	f7fd	4906
CRC result: e5d1	316f	4907
CRC result: d14a	6ab0	4908
CRC result: 3da3	d7f5	4909
CRC result: 33ad	8bb	4910
CRC result: cf26	e149	4911
CRC result: abdf	c675	4912
CRC result: f4d	aad3	4913
CRC result: e1b6	bba6	4914
CRC result: 3406	ccd2	4915
CRC result: 5511	4ade	4916
CRC result: 868d	39f6	4917
CRC result: 9844	80d1	4918
CRC result: 80c	a74c	4919
CRC result: 6403	fd17	5000
CRC result: c82b	a50d	5001
CRC result: 5a19	452c	5002
CRC result: 72d1	c181	5003
CRC result: 8aca	890e	5004
CRC result: e36d	a2c1	5005
CRC result: 2191	2bca	5006
CRC result: c416	3089	5007
CRC result: 136b	8477	5008
CRC result: 544b	245b	5009
CRC result: 4524	9c33	5010
CRC result: cf0d	f83	5011
CRC result: bf04	a524	5012
CRC result: 4c60	972c	5013
CRC result: 1a83	e30	5014
CRC result: b0ca	6fd0	5015
CRC result: 5b1c	a11c	5016
CRC result: cbb	e560	5017
CRC result: 1db3	bfca	5018
CRC result: 4e95	545	5019
CRC result: 9dd5	d1fd	5100
CRC result: c699	fdaa	5101
CRC result: f50b	f6e6	5102
CRC result: 97bf	2f39	5103
CRC result: 66d7	32fd	5104
CRC result: f8f5	1b5a	5105
CRC result: 8eb5	a3fa	5106
CRC result: b31b	4c7a	5107
CRC result: c830	d6c5	5108
CRC result: 688b	6ab9	5109
CRC result: f7bc	fe06	5110
CRC result: bb88	2c5f	5111
CRC result: 73a9	3c75	5112
CRC result: 4460	4128	5113
CRC result: 38f5	ec05	5114
CRC result: b218	db23	5115
CRC result: 2b28	1466	5116
CRC result: ae74	5306	5117
CRC result: 49cf	bfa2	5118
CRC result: 59be	65af	5119
CRC result: ee16	62d	5200
CRC result: 705e	8846	5201
CRC result: 276c	c72a	5202
CRC result: e816	c07b	5203
CRC result: f23e	59c5	5204
CRC result: a185	cdd0	5205
CRC result: ee96	e8db	5206
CRC result: a013	a6ac	5207
CRC result: ff80	6c01	5208
CRC result: 69d8	a039	5209
CRC result: 2bae	e5fc	5210
CRC result: fb96	f5a8	5211
CRC result: e076	6aa3	5212
CRC result: 344d	479d	5213
CRC result: 5a3b	7a59	5214
CRC result: 152d	cd46	5215
CRC result: a52f	a07b	5216
CRC result: 7143	16ca	5217
CRC result: 20a1	70e7	5218
CRC result: d0bd	d2c1	5219
CRC result: 1943	f10b	5300
CRC result: 2aad	35ab	5301
CRC result: b9e4	11a8	5302
CRC result: 7352	d925	5303
CRC result: c68b	1552	5304
CRC result: 3231	9dce	5305
CRC result: 5ae	2590	5306
CRC result: 830	9891	5307
CRC result: 1486	f407	5308
CRC result: 9201	59b6	5309
CRC result: baf	ee38	5310
CRC result: 8e01	62af	5311
CRC result: c11	8931	5312
CRC result: 5b80	e578	5313
CRC result: 8bcf	b4c	5314
CRC result: ef46	847d	5315
CRC result: a3be	8c17	5316
CRC result: 8fee	b274	5317
CRC result: 6e3f	23c0	5318
CRC result: b455	50f6	5319
CRC result: d414	44	5400
CRC result: 3e52	6608	5401
CRC result: 8226	34da	5402
CRC result: a227	3df6	5403
CRC result: 9589	19f0	5404
CRC result: 5e4d	78d7	5405
CRC result: b916	197b	5406
CRC result: ba77	4b63	5407
CRC result: 9221	efba	5408
CRC result: 2c2f	6df3	5409
CRC result: f9ae	4dd5	5410
CRC result: bc56	44df	5411
CRC result: 63e7	536a	5412
CRC result: 21db	26a2	5413
CRC result: face	d2c1	5414
CRC result: 5e1a	9aed	5415
CRC result: be2f	54dd	5416
CRC result: 8ced	127f	5417
CRC result: 9619	9163	5418
CRC result: b6f6	700e	5419
CRC result: c7b0	ba8c	5500
CRC result: ec74	f34d	5501
CRC result: 9518	bb4	5502
CRC result: f166	e84e	5503
CRC result: d624	d658	5504
CRC result: 928d	cccd	5505
CRC result: 427	e165	5506
CRC result: 9079	1ea6	5507
CRC result: 74ec	8bd2	5508
CRC result: fde8	e58a	5509
CRC result: 91f4	f811	5510
CRC result: bd70	1741	5511
CRC result: e62c	df50	5512
CRC result: fefd	dca6	5513
CRC result: 7202	9825	5514
CRC result: 3c04	43fa	5515
CRC result: 4951	c25b	5516
CRC result: 74e0	b644	5517
CRC result: 7fe3	a535	5518
CRC result: 1bed	cc08	5519
CRC result: 764f	69c2	5600
CRC result: dd4e	7607	5601
CRC result: b9ba	759b	5602
CRC result: 5ffd	9b94	5603
CRC result: 8731	fcbb	5604
CRC result: baab	536c	5605
CRC result: 1be2	b8f1	5606
CRC result: 9512	a3bc	5607
CRC result: 176c	e21c	5608
CRC result: 537e	93b2	5609
CRC result: 909a	b971	5610
CRC result: 5b5e	c3d5	5611
CRC result: 147a	efc6	5612
CRC result: b5b7	2d61	5613
CRC result: 215b	d189	5614
CRC result: b769	2b6e	5615
CRC result: 2890	3ade	5616
CRC result: 5f11	55e7	5617
CRC result: f65a	6b70	5618
CRC result: 62b8	6266	5619
CRC result: 78d6	7ed7	5700
CRC result: 847f	7b12	5701
CRC result: 5265	3dc1	5702
CRC result: 3853	6f9d	5703
CRC result: 6f41	b894	5704
CRC result: adb4	e0f1	5705
CRC result: ab4e	983a	5706
CRC result: 8a6b	5bac	5707
CRC result: a5a0	92fd	5708
CRC result: 1b45	6263	5709
CRC result: c053	f9ca	5710
CRC result: b4ec	de30	5711
CRC result: 6d87	8ed	5712
CRC result: 83ff	c6d2	5713
CRC result: 3f7	3e31	5714
CRC result: c571	b24c	5715
CRC result: 74f3	7b8f	5716
CRC result: 91e	97cb	5717
CRC result: 7cff	9d8b	5718
CRC result: 20b5	afd3	5719
CRC result: 8d3f	149c	5800
CRC result: 89be	ef0c	5801
CRC result: 837c	a3f9	5802
CRC result: 2d59	ca1e	5803
CRC result: 4146	34c1	5804
CRC result: d704	44a5	5805
CRC result: 7fe2	3c1f	5806
CRC result: 8fc7	7c6f	5807
CRC result: 9de	9626	5808
CRC result: ae2	61fc	5809
CRC result: 7c01	5184	5810
CRC result: 77c	959e	5811
CRC result: ca56	e6a4	5812
CRC result: a561	f0d4	5813
CRC result: cfd8	680c	5814
CRC result: 1944	3f86	5815
CRC result: e8	1154	5816
CRC result: 26d	3af0	5817
CRC result: eb59	af71	5818
CRC result: 41e7	d598	5819
CRC result: f62e	4dd1	5900
CRC result: 885f	c9a8	5901
CRC result: a62e	4031	5902
CRC result: 43f7	b09c	5903
CRC result: 3df3	ed20	5904
CRC result: 64f8	1959	5905
CRC result: fdba	c7b5	5906
CRC result: 47c6	e0f0	5907
CRC result: 9e5e	5cdc	5908
CRC result: fdb1	8b2d	5909
CRC result: 9f87	943e	5910
CRC result: b94	4fac	5911
CRC result: 5f79	3149	5912
CRC result: d2f5	9bbc	5913
CRC result: 505e	c402	5914
CRC result: 5358	c7ef	5915
CRC result: 644e	42ad	5916
CRC result: b694	c8fe	5917
CRC result: 8acc	f0b6	5918
CRC result: 43c5	ce3e	5919
CRC result: b13f	f30	6000
CRC result: d94d	9642	6001
CRC result: aeb	f05a	6002
CRC result: dacc	7d8b	6003
CRC result: 4551	8f1f	6004
CRC result: fd3f	a190	6005
CRC result: 7079	f346	6006
CRC result: 6a59	f729	6007
CRC result: 8676	7627	6008
CRC result: 15cb	1d86	6009
CRC result: f7c1	ec7f	6010
CRC result: 8c49	c198	6011
CRC result: d578	5cbf	6012
CRC result: 9fbc	a246	6013
CRC result: df03	f572	6014
CRC result: f776	a398	6015
CRC result: 43e6	1d07	6016
CRC result: cb74	e103	6017
CRC result: cf43	5e47	6018
CRC result: f99d	4872	6019
CRC result: 3930	faf2	6100
CRC result: 27e4	ed8f	6101
CRC result: 2c5b	1cc8	6102
CRC result: a041	c870	6103
CRC result: 86d0	f9b5	6104
CRC result: d37a	4eb	6105
CRC result: 699c	9dca	6106
CRC result: 6b40	3c71	6107
CRC result: db3b	8711	6108
CRC result: 746d	d57b	6109
CRC result: 5719	c29d	6110
CRC result: f85a	c79c	6111
CRC result: 6975	e6b	6112
CRC result: 9317	eb1f	6113
CRC result: 34f3	f384	6114
CRC result: e2d	b58	6115
CRC result: fd0d	8a7c	6116
CRC result: 7bf1	dde8	6117
CRC result: aadf	bc0c	6118
CRC result: 529f	a9b2	6119
CRC result: 98a9	5a9e	6200
CRC result: fb7	4eca	6201
CRC result: 6265	39e2	6202
CRC result: 1a8e	2d1e	6203
CRC result: 8003	f29a	6204
CRC result: 893f	e98f	6205
CRC result: d632	31b7	6206
CRC result: 23db	902	6207
CRC result: 9a54	c257	6208
CRC result: 1cb5	8a89	6209
CRC result: c01c	3e69	6210
CRC result: a16e	d792	6211
CRC result: c096	4cbb	6212
CRC result: 9a86	fd45	6213
CRC result: 688a	cdbd	6214
CRC result: 7753	b94b	6215
CRC result: 34b3	181c	6216
CRC result: 9716	1542	6217
CRC result: 595	4ce	6218
CRC result: c189	5a77	6219
CRC result: 5ccd	418b	6300
CRC result: 5f4c	8382	6301
CRC result: c8b5	b1a5	6302
CRC result: a816	e031	6303
CRC result: 8234	ee8c	6304
CRC result: 1101	d3af	6305
CRC result: e68c	b08c	6306
CRC result: d430	2e05	6307
CRC result: d769	8e3	6308
CRC result: 51d0	acc	6309
CRC result: 9782	2ade	6310
CRC result: 317a	9051	6311
CRC result: f3b2	92c7	6312
CRC result: 6074	c62c	6313
CRC result: 5a1	8c33	6314
CRC result: 691f	483c	6315
CRC result: 9029	4c02	6316
CRC result: e764	9d51	6317
CRC result: bb80	e124	6318
CRC result: a57f	429e	6319
CRC result: 8009	5582	6400
CRC result: 3f44	db93	6401
CRC result: ac22	7895	6402
CRC result: 7d52	b7c1	6403
CRC result: 3a46	1e5e	6404
CRC result: da22	c48e	6405
CRC result: 58a4	cd1c	6406
CRC result: 664f	5927	6407
CRC result: a72	e00a	6408
CRC result: ad9	29b2	6409
CRC result: db4d	6b9e	6410
CRC result: f5f8	f1f5	6411
CRC result: ef0	42a6	6412
CRC result: dc8f	5a59	6413
CRC result: f5ac	dc5	6414
CRC result: 81f3	32c4	6415
CRC result: 6c24	481d	6416
CRC result: 918f	4358	6417
CRC result: 58dd	e023	6418
CRC result: 4a56	b366	6419
CRC result: 3e2e	c5d5	6500
CRC result: 6245	fae2	6501
CRC result: 1019	f4e7	6502
CRC result: 69f4	967e	6503
CRC result: f25e	beab	6504
CRC result: 25ec	4366	6505
CRC result: 25b9	ab1d	6506
CRC result: e440	d4eb	6507
CRC result: 9677	ffd4	6508
CRC result: c31a	402b	6509
CRC result: 2298	192e	6510
CRC result: 80	bce2	6511
CRC result: 5d46	f57c	6512
CRC result: d27a	6be	6513
CRC result: dab2	73fd	6514
CRC result: 3e0b	f9bf	6515
CRC result: f24d	a0d7	6516
CRC result: c176	725f	6517
CRC result: ba8a	d808	6518
CRC result: 3ceb	bd7a	6519
CRC result: 67c1	2161	6600
CRC result: b1b3	4291	6601
CRC result: 563e	8e2a	6602
CRC result: 34fe	36b8	6603
CRC result: b500	e5a6	6604
CRC result: fd9	ea89	6605
CRC result: 2e07	cf4f	6606
CRC result: d7b1	5919	6607
CRC result: 4e7c	a5f9	6608
CRC result: 37ae	120b	6609
CRC result: 63e5	c8cf	6610
CRC result: a49f	6cfd	6611
CRC result: f3c1	c79b	6612
CRC result: 1e2e	55d1	6613
CRC result: 256b	3fc	6614
CRC result: 508f	7b88	6615
CRC result: dd75	5221	6616
CRC result: 8e89	1da5	6617
CRC result: f879	db8f	6618
CRC result: 7278	87ae	6619
CRC result: 61e1	52d4	6700
CRC result: 1297	913b	6701
CRC result: de03	6bb0	6702
CRC result: 3ceb	2965	6703
CRC result: 95ca	fa59	6704
CRC result: 833b	f4ec	6705
CRC result: 6286	d12c	6706
CRC result: dcd3	7dfc	6707
CRC result: f976	3097	6708
CRC result: f5ec	8c6b	6709
CRC result: 65be	2796	6710
CRC result: cac0	827a	6711
CRC result: 7a68	3173	6712
CRC result: 398d	4f42	6713
CRC result: 6dbd	5a78	6714
CRC result: 1d76	cdb5	6715
CRC result: eb94	e34	6716
CRC result: 9256	4784	6717
CRC result: dd10	3ad2	6718
CRC result: 779a	8f32	6719
CRC result: 12d6	f0b6	6800
CRC result: 3a32	5bad	6801
CRC result: e691	48ab	6802
CRC result: 59c2	914a	6803
CRC result: 451e	2087	6804
CRC result: 6fa3	9494	6805
CRC result: 8406	6ec6	6806
CRC result: ace7	3188	6807
CRC result: 75e2	5b20	6808
CRC result: d4c8	3354	6809
CRC result: 99f5	cc34	6810
CRC result: 147a	84bb	6811
CRC result: 1b9c	180f	6812
CRC result: 1ca0	e6ec	6813
CRC result: 95c	1e4	6814
CRC result: 9e60	8c3b	6815
CRC result: 192a	f852	6816
CRC result: 128	997c	6817
CRC result: 76d9	f43f	6818
CRC result: bebe	2878	6819
CRC result: fc25	c43c	6900
CRC result: f427	29f8	6901
CRC result: c123	94d5	6902
CRC result: 4f9c	2436	6903
CRC result: 6451	5ec5	6904
CRC result: eb57	ff30	6905
CRC result: b67f	c2fa	6906
CRC result: c8cc	45a7	6907
CRC result: daa3	b572	6908
CRC result: 5edf	aeb	6909
CRC result: dcca	55e8	6910
CRC result: 733c	4353	6911
CRC result: 569d	8781	6912
CRC result: 8dfb	ca40	6913
CRC result: f8e4	be13	6914
CRC result: be14	426c	6915
CRC result: 24c7	e0cb	6916
CRC result: 6fa7	3a86	6917
CRC result: a41f	87c	6918
CRC result: 25fe	f23a	6919
CRC result: 9978	c9ea	7000
CRC result: 8bd7	c9d6	7001
CRC result: fe50	3852	7002
CRC result: eff4	d1da	7003
CRC result: bf13	18f2	7004
CRC result: d647	2284	7005
CRC result: 7c5a	ca80	7006
CRC result: 5770	436b	7007
CRC result: bd56	8ed0	7008
CRC result: c25c	b2c	7009
CRC result: 578e	987a	7010
CRC result: 24ee	d6b4	7011
CRC result: b003	12bb	7012
CRC result: 13e2	3bfa	7013
CRC result: 9e76	bfda	7014
CRC result: 77c5	33c2	7015
CRC result: 4c38	12f0	7016
CRC result: ac39	35d5	7017
CRC result: 5d76	1b82	7018
CRC result: 8bcd	8c04	7019
CRC result: bb1c	cdb1	7100
CRC result: 4ae4	ea69	7101
CRC result: 5f43	7d8e	7102
CRC result: b541	9600	7103
CRC result: 72c3	f017	7104
CRC result: 5dbb	531	7105
CRC result: 5c00	f710	7106
CRC result: 36a8	42dc	7107
CRC result: a1a0	9bb	7108
CRC result: 5081	5dd8	7109
CRC result: 273f	d33f	7110
CRC result: 65bc	6e6d	7111
CRC result: 9733	5a90	7112
CRC result: 64e8	392e	7113
CRC result: a73a	146d	7114
CRC result: 243b	5fdf	7115
CRC result: ff0b	be4c	7116
CRC result: 7c2c	2d51	7117
CRC result: ae95	756a	7118
CRC result: d3d	fd0d	7119
CRC result: a244	6791	7200
CRC result: 51f3	bdc5	7201
CRC result: dcf3	8823	7202
CRC result: 3789	e810	7203
CRC result: 815b	66f3	7204
CRC result: 9263	a2c7	7205
CRC result: c12b	55fd	7206
CRC result: 972f	e564	7207
CRC result: e9bc	456	7208
CRC result: c8a7	33f0	7209
CRC result: e538	89b2	7210
CRC result: 3a34	b7f5	7211
CRC result: e0d4	1bc0	7212
CRC result: cdb4	d830	7213
CRC result: ae04	1907	7214
CRC result: 942	8f4	7215
CRC result: 6c06	2104	7216
CRC result: 5f76	6cee	7217
CRC result: c363	f546	7218
CRC result: 5afb	aad4	7219
CRC result: 5258	3c8b	7300
CRC result: b4fd	faf5	7301
CRC result: a6e9	bac2	7302
CRC result: 8a5e	92cb	7303
CRC result: dfb8	4c1e	7304
CRC result: 2655	1195	7305
CRC result: d592	a783	7306
CRC result: 1cee	d554	7307
CRC result: fba6	fcb4	7308
CRC result: 984b	7390	7309
CRC result: eca0	8b98	7310
CRC result: b92f	545	7311
CRC result: 7a33	e1d1	7312
CRC result: 41e0	be83	7313
CRC result: f5a0	2044	7314
CRC result: 7b1	bea5	7315
CRC result: e8c2	35b3	7316
CRC result: 87ac	68f	7317
CRC result: c614	7c52	7318
CRC result: 6ddb	c740	7319
CRC result: 5732	3a8a	7400
CRC result: cba7	565d	7401
CRC result: ac2c	66f2	7402
CRC result: 8cd2	f730	7403
CRC result: 214c	171f	7404
CRC result: 8b9c	9dfa	7405
CRC result: ac45	1f2c	7406
CRC result: 1235	4bb	7407
CRC result: d989	58be	7408
CRC result: 10c5	a5bf	7409
CRC result: 6fee	453a	7410
CRC result: 418a	a11c	7411
CRC result: 2962	34f	7412
CRC result: 34c8	acb0	7413
CRC result: 6820	703d	7414
CRC result: 66c6	dc65	7415
CRC result: babb	3a26	7416
CRC result: d712	6f3a	7417
CRC result: 7b35	c73e	7418
CRC result: bd93	d03	7419
CRC result: f05	6bbf	7500
CRC result: fa9b	7865	7501
CRC result: f731	22df	7502
CRC result: bbb3	fefd	7503
CRC result: 369b	3368	7504
CRC result: 24a1	33b2	7505
CRC result: 427c	ccb0	7506
CRC result: 1f1c	3ac5	7507
CRC result: 85f8	8007	7508
CRC result: cab3	4568	7509
CRC result: ecb4	4ebe	7510
CRC result: 89b3	a90c	7511
CRC result: 6bfc	52b0	7512
CRC result: cd71	6ce2	7513
CRC result: 3a4f	1c0	7514
CRC result: 2e0f	55d5	7515
CRC result: 372	af8e	7516
CRC result: e2db	bab9	7517
CRC result: cad7	3c05	7518
CRC result: a24e	f4f2	7519
CRC result: c7e0	9a5	7600
CRC result: e747	32a3	7601
CRC result: e76e	56f2	7602
CRC result: 4fcc	713c	7603
CRC result: eede	8442	7604
CRC result: 8405	9102	7605
CRC result: 79a2	452d	7606
CRC result: 93dd	1006	7607
CRC result: 409	ebd9	7608
CRC result: 1ab	6619	7609
CRC result: ead3	86d3	7610
CRC result: d3d8	e5ec	7611
CRC result: 1f21	bbeb	7612
CRC result: 83e1	a05c	7613
CRC result: e930	f239	7614
CRC result: 99df	8b7e	7615
CRC result: 7a61	7664	7616
CRC result: f64a	948d	7617
CRC result: c6bf	475f	7618
CRC result: a408	f875	7619
CRC result: 20fd	d0fc	7700
CRC result: 945e	7b8b	7701
CRC result: 37ee	9ed4	7702
CRC result: e8e	d736	7703
CRC result: 62f0	10a8	7704
CRC result: 6f79	a2a5	7705
CRC result: ede9	45de	7706
CRC result: ec84	c8f5	7707
CRC result: 2fa5	8d85	7708
CRC result: 5a4b	4bd0	7709
CRC result: 9b03	9e04	7710
CRC result: 2582	fb3c	7711
CRC result: 7d9c	17c1	7712
CRC result: e8c3	7c8f	7713
CRC result: 25dd	c9b2	7714
CRC result: ef35	ced4	7715
CRC result: 6e36	d968	7716
CRC result: 5542	3cdd	7717
CRC result: 942e	ae82	7718
CRC result: 9a18	ccef	7719
CRC result: 8abc	adbe	7800
CRC result: 38ad	4bec	7801
CRC result: 6217	9b50	7802
CRC result: daa	d114	7803
CRC result: 918b	3761	7804
CRC result: 940c	c7bf	7805
CRC result: d1b4	8500	7806
CRC result: cd4a	90b8	7807
CRC result: 73b1	1a79	7808
CRC result: 43bb	3aa5	7809
CRC result: 3e3	3e9f	7810
CRC result: 1246	9c25	7811
CRC result: 1139	8e4a	7812
CRC result: a87e	7b4f	7813
CRC result: 36b8	e2ab	7814
CRC result: 2ad4	f753	7815
CRC result: ea05	ae50	7816
CRC result: b7c3	2fcf	7817
CRC result: 6396	4b07	7818
CRC result: 854b	fe39	7819
CRC result: 7306	b7ac	7900
CRC result: 7007	23b5	7901
CRC result: 875a	1c89	7902
CRC result: 85db	4e6f	7903
CRC result: 11ff	30b9	7904
CRC result: 33fe	8ba8	7905
CRC result: 1812	e4ad	7906
CRC result: 2c3b	1e8c	7907
CRC result: daee	47ca	7908
CRC result: 7149	98d0	7909
CRC result: 1204	44ce	7910
CRC result: f5d7	b8a8	7911
CRC result: 6c1c	3787	7912
CRC result: 1d93	93f4	7913
CRC result: a40	34e0	7914
CRC result: 20ec	97dc	7915
CRC result: aa53	4aaf	7916
CRC result: 2941	562f	7917
CRC result: ac43	600b	7918
CRC result: b770	cce0	7919
CRC result: c91f	da0b	8000
CRC result: f46d	998d	8001
CRC result: c773	deb	8002
CRC result: 1169	717d	8003
CRC result: bbf3	b644	8004
CRC result: 443d	24e3	8005
CRC result: 11ee	eb94	8006
CRC result: 1d48	8f3b	8007
CRC result: 7f03	82dc	8008
CRC result: a632	fe31	8009
CRC result: fd18	64a0	8010
CRC result: 9a2d	1bcc	8011
CRC result: 81e6	68cf	8012
CRC result: 607e	5d7e	8013
CRC result: edbc	a532	8014
CRC result: efea	1c01	8015
CRC result: 1a7b	5724	8016
CRC result: 360d	4eaa	8017
CRC result: a761	23d0	8018
CRC result: 9351	508	8019
CRC result: 3cc4	6501	8100
CRC result: 36aa	c079	8101
CRC result: 16ff	2b65	8102
CRC result: c0e0	df06	8103
CRC result: 98d8	c885	8104
CRC result: 78f8	a89a	8105
CRC result: 20f0	ce83	8106
CRC result: 16f4	1ef8	8107
CRC result: 4841	a299	8108
CRC result: 2b27	7e39	8109
CRC result: aa2	1aab	8110
CRC result: d37c	8bb2	8111
CRC result: afb2	c626	8112
CRC result: 6296	21db	8113
CRC result: a968	bbe4	8114
CRC result: e39e	9d30	8115
CRC result: 3eb3	d263	8116
CRC result: 7542	c6d3	8117
CRC result: 7b1b	8f05	8118
CRC result: bd90	6d87	8119
CRC result: f426	3d78	8200
CRC result: d5e6	1b14	8201
CRC result: 4267	e31f	8202
CRC result: c433	823f	8203
CRC result: 532	c7f2	8204
CRC result: fe35	adbc	8205
CRC result: cf8a	1779	8206
CRC result: 68d	ea11	8207
CRC result: 5055	957f	8208
CRC result: 1a0b	59b0	8209
CRC result: 80bf	bd2b	8210
CRC result: e79a	954e	8211
CRC result: 703e	d4ad	8212
CRC result: 951d	be4b	8213
CRC result: 2ab	d939	8214
CRC result: 30f7	825c	8215
CRC result: 2085	6af8	8216
CRC result: 8d06	a6a4	8217
CRC result: f97c	78d3	8218
CRC result: f08b	e832	8219
CRC result: 1f93	dc9f	8300
CRC result: c96c	657f	8301
CRC result: fa49	cedd	8302
CRC result: 1576	6dd4	8303
CRC result: 5a7	177	8304
CRC result: 8e68	632c	8305
CRC result: ccab	ec9c	8306
CRC result: ec95	4902	8307
CRC result: 56d2	7212	8308
CRC result: b600	3d47	8309
CRC result: 6fa0	f3ac	8310
CRC result: 5fc	7213	8311
CRC result: 4cb5	9553	8312
CRC result: f483	ddee	8313
CRC result: e7bd	d78c	8314
CRC result: b1aa	6d3c	8315
CRC result: 7a0c	6a38	8316
CRC result: 2d12	f6bf	8317
CRC result: 3464	c90	8318
CRC result: dcda	ee54	8319
CRC result: 1a2b	6ffc	8400
CRC result: 5ecb	c2af	8401
CRC result: 6b7a	fce2	8402
CRC result: 418c	1401	8403
CRC result: baae	be87	8404
CRC result: 6dec	ec3e	8405
CRC result: a180	4ff6	8406
CRC result: e657	6e49	8407
CRC result: 4ab6	f1cf	8408
CRC result: d5ba	64d4	8409
CRC result: fd35	5e77	8410
CRC result: 6522	7a75	8411
CRC result: 5f58	f1d0	8412
CRC result: 3c1c	2d08	8413
CRC result: b3d6	7e8f	8414
CRC result: b13f	69cc	8415
CRC result: 9588	96c3	8416
CRC result: a0b7	56a5	8417
CRC result: 14ef	2d76	8418
CRC result: 5960	c026	8419
CRC result: 8385	4013	8500
CRC result: fb8f	5018	8501
CRC result: 3c33	8fad	8502
CRC result: 51c0	f8bf	8503
CRC result: e2d7	8c85	8504
CRC result: bcbe	e429	8505
CRC result: 1e0d	8338	8506
CRC result: ba69	c3cd	8507
CRC result: 9a98	7814	8508
CRC result: feb0	8735	8509
CRC result: cf5c	4582	8510
CRC result: a7c2	82f8	8511
CRC result: 452d	fec4	8512
CRC result: c20a	4a28	8513
CRC result: 7898	e899	8514
CRC result: d12a	2560	8515
CRC result: 694d	5cf2	8516
CRC result: 24d7	af65	8517
CRC result: f285	1e4a	8518
CRC result: 5b8b	1cdd	8519
