--------------------------------------------------
Data   Type:		0
Resp.  Stat:		0
Sequence No:		1
Packet Data:
large.txt

CRC result: 4b96	d667	0
CRC result: c1f0	d667	1
CRC result: c506	d667	2
CRC result: 7392	d667	3
CRC result: 80a5	d667	4
CRC result: 747a	d667	5
CRC result: 7b7e	d667	6
CRC result: 493	d667	7
CRC result: 67ac	d667	8
CRC result: f1a5	d667	9
CRC result: 9f8f	626e	10
CRC result: 3d7c	d978	11
CRC result: c84d	e64f	12
CRC result: 97e6	9a08	13
CRC result: a6ad	ce5a	14
CRC result: e7b4	bbcf	15
CRC result: a625	da79	16
CRC result: 5bdd	34a5	17
CRC result: ca38	8499	18
CRC result: ac9d	a836	19
CRC result: 2dd3	d667	100
CRC result: 3fd4	d667	101
CRC result: 2cc6	d667	102
CRC result: d5fb	d667	103
CRC result: d137	d667	104
CRC result: ba1a	d667	105
CRC result: 6b76	d667	106
CRC result: 4775	d667	107
CRC result: 4fe8	d667	108
CRC result: ec47	d667	109
CRC result: 4c39	1f87	110
CRC result: 5f62	4eb1	111
CRC result: a97b	9afe	112
CRC result: dc98	cf22	113
CRC result: 2355	d94f	114
CRC result: 77bd	181	115
CRC result: 6540	33ae	116
CRC result: d3e3	23b1	117
CRC result: a4fc	62a0	118
CRC result: 7261	f8db	119
CRC result: 35e6	d667	200
CRC result: bd35	d667	201
CRC result: 435e	d667	202
CRC result: 52c7	d667	203
CRC result: 33c4	d667	204
CRC result: 2a77	d667	205
CRC result: 16cc	d667	206
CRC result: 1c7a	d667	207
CRC result: 3a32	d667	208
CRC result: 8504	d667	209
CRC result: 9c80	4add	210
CRC result: 5389	a5c7	211
CRC result: 6f6f	4124	212
CRC result: 3f9f	9deb	213
CRC result: 5282	2e8e	214
CRC result: dbfb	8f3d	215
CRC result: 854a	a40e	216
CRC result: e8e1	85c7	217
CRC result: be2f	8e29	218
CRC result: 7991	cff8	219
CRC result: 6567	d667	300
CRC result: a14f	d667	301
CRC result: 5377	d667	302
CRC result: b331	d667	303
CRC result: c81e	d667	304
CRC result: ef4c	d667	305
CRC result: eb60	d667	306
CRC result: 4f2	d667	307
CRC result: 871	d667	308
CRC result: e947	d667	309
CRC result: 40e2	da94	310
CRC result: ee3c	715c	311
CRC result: 3ac3	1d5d	312
CRC result: 8d35	bb2	313
CRC result: 8bd7	cc1e	314
CRC result: 1abb	dc01	315
CRC result: 60a2	5e22	316
CRC result: 1640	c4b2	317
CRC result: 1ced	f54b	318
CRC result: ba0b	fee4	319
CRC result: 75d	d667	400
CRC result: 9566	d667	401
CRC result: 8b40	d667	402
CRC result: 1342	d667	403
CRC result: cce4	d667	404
CRC result: 7c8e	d667	405
CRC result: 5c9d	d667	406
CRC result: e528	d667	407
CRC result: 7129	d667	408
CRC result: d0ab	d667	409
CRC result: 4ad6	df95	410
CRC result: d8a0	ff28	411
CRC result: c8df	c9e3	412
CRC result: e02	3084	413
CRC result: afb8	b8b4	414
CRC result: 7a6b	bed	415
CRC result: b93	a632	416
CRC result: d196	946f	417
CRC result: dafd	efb5	418
CRC result: 6d2a	c89	419
CRC result: 1b0d	d667	500
CRC result: 662b	d667	501
CRC result: 5b7e	d667	502
CRC result: 44d1	d667	503
CRC result: 5d0a	d667	504
CRC result: 894f	d667	505
CRC result: 20b0	d667	506
CRC result: 18fb	d667	507
CRC result: 513	d667	508
CRC result: c116	d667	509
CRC result: 7502	6a3d	510
CRC result: ad45	e53a	511
CRC result: 3def	2917	512
CRC result: 6291	a751	513
CRC result: 9a83	242d	514
CRC result: db07	7be9	515
CRC result: be38	2792	516
CRC result: 2442	d0d8	517
CRC result: be7d	1862	518
CRC result: 9b17	2e40	519
CRC result: 939a	d667	600
CRC result: f83c	d667	601
CRC result: d0a0	d667	602
CRC result: d9db	d667	603
CRC result: 70a3	d667	604
CRC result: a666	d667	605
CRC result: bb74	d667	606
CRC result: 6ff7	d667	607
CRC result: f325	d667	608
CRC result: 60a1	d667	609
CRC result: 602c	60b5	610
CRC result: 9912	8b40	611
CRC result: c2d6	d519	612
CRC result: 4a0f	bee2	613
CRC result: 7d21	4b7	614
CRC result: 8e4a	6d77	615
CRC result: 8b37	73f8	616
CRC result: 4f59	947e	617
CRC result: 2e5d	f28c	618
CRC result: 67c2	e5ba	619
CRC result: f844	d667	700
CRC result: ce78	d667	701
CRC result: 5c3	d667	702
CRC result: bf1c	d667	703
CRC result: 8614	d667	704
CRC result: 70d	d667	705
CRC result: a095	d667	706
CRC result: 39da	d667	707
CRC result: 1e9e	d667	708
CRC result: fe6a	d667	709
CRC result: dbf8	b254	710
CRC result: a3e6	1fc	711
CRC result: fb3d	d196	712
CRC result: 8e39	baa2	713
CRC result: b277	cc2	714
CRC result: d83f	7f27	715
CRC result: 9ee7	781d	716
CRC result: f400	ae87	717
CRC result: 697e	ec12	718
CRC result: 9696	6742	719
CRC result: d5db	d667	800
CRC result: 8eea	d667	801
CRC result: c302	d667	802
CRC result: fb8e	d667	803
CRC result: 2b23	d667	804
CRC result: a03c	d667	805
CRC result: bde3	d667	806
CRC result: 4880	d667	807
CRC result: 95cb	d667	808
CRC result: 104	d667	809
CRC result: 9bcd	1f2b	810
CRC result: 958d	99f9	811
CRC result: 117a	f66b	812
CRC result: 4746	7be4	813
CRC result: 73d	32d4	814
CRC result: 1fc7	304a	815
CRC result: 2ff7	2b06	816
CRC result: c711	eee5	817
CRC result: a4cf	6f3b	818
CRC result: 9618	3f72	819
CRC result: 8ee0	d667	900
CRC result: 110b	d667	901
CRC result: e6fe	d667	902
CRC result: f06e	d667	903
CRC result: 411	d667	904
CRC result: 54a1	d667	905
CRC result: 94e1	d667	906
CRC result: a82a	d667	907
CRC result: c45b	d667	908
CRC result: 12db	d667	909
CRC result: 3654	8131	910
CRC result: e3f2	feff	911
CRC result: 8e99	3e10	912
CRC result: 1714	d962	913
CRC result: e6d7	fb91	914
CRC result: 9b41	fe1c	915
CRC result: c1a2	f7cf	916
CRC result: 9267	177e	917
CRC result: 7f2a	2d06	918
CRC result: eec3	1dd1	919
CRC result: 160c	d667	1000
CRC result: a93a	d667	1001
CRC result: b86d	d667	1002
CRC result: e368	d667	1003
CRC result: 45ad	d667	1004
CRC result: 355d	d667	1005
CRC result: 651	d667	1006
CRC result: b89e	d667	1007
CRC result: a3ea	d667	1008
CRC result: 587a	d667	1009
CRC result: 490b	e6e8	1010
CRC result: 886c	5bf3	1011
CRC result: 2bb1	45a6	1012
CRC result: 2f83	8171	1013
CRC result: 4c5c	cad5	1014
CRC result: 5cb	4896	1015
CRC result: 47d3	89db	1016
CRC result: f8c8	4df2	1017
CRC result: 8cef	92c7	1018
CRC result: 402d	e8a3	1019
CRC result: 5658	d667	1100
CRC result: 81cd	d667	1101
CRC result: 7ea7	d667	1102
CRC result: a495	d667	1103
CRC result: 13f8	d667	1104
CRC result: a33a	d667	1105
CRC result: c9d	d667	1106
CRC result: 1908	d667	1107
CRC result: a709	d667	1108
CRC result: ce32	d667	1109
CRC result: 1d3b	5082	1110
CRC result: b02	e699	1111
CRC result: 3d58	4da7	1112
CRC result: 6630	8683	1113
CRC result: 7866	5955	1114
CRC result: 4a27	c147	1115
CRC result: d03e	205	1116
CRC result: 922a	7576	1117
CRC result: 7764	27b0	1118
CRC result: bb54	2c2a	1119
CRC result: 2a8c	d667	1200
CRC result: c2f	d667	1201
CRC result: 639b	d667	1202
CRC result: 87b2	d667	1203
CRC result: 2f6a	d667	1204
CRC result: c590	d667	1205
CRC result: bf68	d667	1206
CRC result: 443	d667	1207
CRC result: dd37	d667	1208
CRC result: 6c3	d667	1209
CRC result: bb12	6f15	1210
CRC result: 409a	2e32	1211
CRC result: 6246	b3c7	1212
CRC result: 92a	235b	1213
CRC result: 7da6	64c2	1214
CRC result: c577	ea7f	1215
CRC result: c741	2945	1216
CRC result: c6d5	befb	1217
CRC result: 43c6	b32e	1218
CRC result: a73b	90cd	1219
CRC result: 4dca	d667	1300
CRC result: b755	d667	1301
CRC result: 18b8	d667	1302
CRC result: 873c	d667	1303
CRC result: a763	d667	1304
CRC result: a76a	d667	1305
CRC result: 62f5	d667	1306
CRC result: 18e2	d667	1307
CRC result: b0f6	d667	1308
CRC result: f939	d667	1309
CRC result: 4cca	4eaf	1310
CRC result: 49e4	d98b	1311
CRC result: 2734	9c00	1312
CRC result: 34dd	ae1d	1313
CRC result: bc44	d82d	1314
CRC result: f488	8c37	1315
CRC result: f851	8ca3	1316
CRC result: 22c	27a1	1317
CRC result: fb9c	99d9	1318
CRC result: b2ed	b58d	1319
CRC result: b0d6	d667	1400
CRC result: 813b	d667	1401
CRC result: ae0c	d667	1402
CRC result: 7a14	d667	1403
CRC result: cef6	d667	1404
CRC result: 5c5e	d667	1405
CRC result: c784	d667	1406
CRC result: 9f08	d667	1407
CRC result: 5f1d	d667	1408
CRC result: 5b6c	d667	1409
CRC result: 6a25	3cca	1410
CRC result: 174a	1492	1411
CRC result: 9793	aa08	1412
CRC result: f2b9	6342	1413
CRC result: bfc8	29f0	1414
CRC result: b04e	51aa	1415
CRC result: 51f0	6b6c	1416
CRC result: b936	7146	1417
CRC result: 7517	1efb	1418
CRC result: b192	8a41	1419
CRC result: f5b2	d667	1500
CRC result: 479a	d667	1501
CRC result: 950	d667	1502
CRC result: 967e	d667	1503
CRC result: da34	d667	1504
CRC result: 8dd4	d667	1505
CRC result: a431	d667	1506
CRC result: 1097	d667	1507
CRC result: 34cd	d667	1508
CRC result: 3d70	d667	1509
CRC result: fff3	99d	1510
CRC result: 61c2	9d32	1511
CRC result: 321a	e1e9	1512
CRC result: aa5b	f7	1513
CRC result: 9abb	9ed2	1514
CRC result: 3de4	223e	1515
CRC result: 29f1	3080	1516
CRC result: d047	2e21	1517
CRC result: f8aa	76c6	1518
CRC result: 27d6	ab72	1519
CRC result: 2ba8	d667	1600
CRC result: 4bc4	d667	1601
CRC result: 2359	d667	1602
CRC result: ee21	d667	1603
CRC result: 3527	d667	1604
CRC result: 937f	d667	1605
CRC result: f907	d667	1606
CRC result: 68a4	d667	1607
CRC result: a377	d667	1608
CRC result: b377	d667	1609
CRC result: e211	ddea	1610
CRC result: 890e	2f94	1611
CRC result: a10a	ebfe	1612
CRC result: d3b7	f1ac	1613
CRC result: d850	d624	1614
CRC result: cfcf	b2cf	1615
CRC result: c36b	3538	1616
CRC result: 50e0	7810	1617
CRC result: 2cc1	8c04	1618
CRC result: 83df	c2b5	1619
CRC result: 350b	d667	1700
CRC result: fea2	d667	1701
CRC result: c5bc	d667	1702
CRC result: 183f	d667	1703
CRC result: 7c73	d667	1704
CRC result: 1af9	d667	1705
CRC result: 7e5f	d667	1706
CRC result: f2fd	d667	1707
CRC result: e657	d667	1708
CRC result: 63f9	d667	1709
CRC result: 7300	874e	1710
CRC result: 926e	f776	1711
CRC result: 10a	fd5	1712
CRC result: 4cab	6d9a	1713
CRC result: 7028	f9a	1714
CRC result: f1f8	8e1c	1715
CRC result: d2c2	6f79	1716
CRC result: 46b5	c179	1717
CRC result: 21f4	4ae	1718
CRC result: b5cc	8d6d	1719
CRC result: 3dc1	d667	1800
CRC result: 371f	d667	1801
CRC result: 2d5c	d667	1802
CRC result: 7983	d667	1803
CRC result: d504	d667	1804
CRC result: a22a	d667	1805
CRC result: fff5	d667	1806
CRC result: 54ac	d667	1807
CRC result: 8fd	d667	1808
CRC result: 1bd9	d667	1809
CRC result: 4323	2b15	1810
CRC result: e16	84af	1811
CRC result: 63aa	84e1	1812
CRC result: a265	6d89	1813
CRC result: 7241	817b	1814
CRC result: c6e7	7f8f	1815
CRC result: d111	bb14	1816
CRC result: 2341	aea1	1817
CRC result: 2382	da3d	1818
CRC result: 76c3	995a	1819
CRC result: 4b0c	d667	1900
CRC result: e6ed	d667	1901
CRC result: 7d01	d667	1902
CRC result: 1cf1	d667	1903
CRC result: 85b5	d667	1904
CRC result: 8f78	d667	1905
CRC result: f8ea	d667	1906
CRC result: bc7e	d667	1907
CRC result: a7da	d667	1908
CRC result: e4ce	d667	1909
CRC result: 39a7	78e5	1910
CRC result: c407	b0c5	1911
CRC result: 5e67	7409	1912
CRC result: ef4d	ffdc	1913
CRC result: 840c	6172	1914
CRC result: e6bd	bb80	1915
CRC result: b5c9	6f16	1916
CRC result: becb	9293	1917
CRC result: bba0	b26d	1918
CRC result: 76c3	15a7	1919
CRC result: f576	d667	2000
CRC result: 2fbb	d667	2001
CRC result: c222	d667	2002
CRC result: e8c7	d667	2003
CRC result: e876	d667	2004
CRC result: ccdf	d667	2005
CRC result: b4f5	d667	2006
CRC result: 7447	d667	2007
CRC result: d825	d667	2008
CRC result: 3ec8	d667	2009
CRC result: bc2a	9773	2010
CRC result: 14f9	b04c	2011
CRC result: a136	251a	2012
CRC result: 7c7d	c7a1	2013
CRC result: 6380	8a84	2014
CRC result: d846	760f	2015
CRC result: ac87	a116	2016
CRC result: d7de	12c8	2017
CRC result: 7a51	17b9	2018
CRC result: f06e	6685	2019
CRC result: ae18	d667	2100
CRC result: 4b32	d667	2101
CRC result: 25f4	d667	2102
CRC result: 71ad	d667	2103
CRC result: fd2c	d667	2104
CRC result: 7a03	d667	2105
CRC result: b203	d667	2106
CRC result: 448c	d667	2107
CRC result: abd4	d667	2108
CRC result: 8b0c	d667	2109
CRC result: fdd6	7c41	2110
CRC result: 5da5	f5ae	2111
CRC result: ce90	13af	2112
CRC result: 7fce	ab2c	2113
CRC result: 3c46	43a6	2114
CRC result: 5b24	5e68	2115
CRC result: 82c	dda	2116
CRC result: 3e50	304f	2117
CRC result: a1c7	c181	2118
CRC result: 7e7b	628b	2119
CRC result: 355e	d667	2200
CRC result: 895	d667	2201
CRC result: cc85	d667	2202
CRC result: eadf	d667	2203
CRC result: 3000	d667	2204
CRC result: ce7f	d667	2205
CRC result: 1ff1	d667	2206
CRC result: 3a56	d667	2207
CRC result: e8b4	d667	2208
CRC result: 6da3	d667	2209
CRC result: e3bc	992d	2210
CRC result: df7b	3fd0	2211
CRC result: bf2	146f	2212
CRC result: 4876	1cf2	2213
CRC result: a7e1	a8ce	2214
CRC result: 15dc	8697	2215
CRC result: 3467	32ee	2216
CRC result: b55a	e14d	2217
CRC result: b58e	5387	2218
CRC result: 93b9	9f08	2219
CRC result: ed52	d667	2300
CRC result: 46e	d667	2301
CRC result: 6cb4	d667	2302
CRC result: cfbd	d667	2303
CRC result: 1603	d667	2304
CRC result: a8c1	d667	2305
CRC result: 90d	d667	2306
CRC result: 651b	d667	2307
CRC result: eb06	d667	2308
CRC result: 72e5	d667	2309
CRC result: ac14	b0db	2310
CRC result: 563f	df4b	2311
CRC result: 3bcc	5d92	2312
CRC result: 7853	fa39	2313
CRC result: e36a	907f	2314
CRC result: e131	3695	2315
CRC result: a243	f332	2316
CRC result: d7d9	b06d	2317
CRC result: cea	baf7	2318
CRC result: b13	7511	2319
CRC result: 8e50	d667	2400
CRC result: ffe0	d667	2401
CRC result: 1d37	d667	2402
CRC result: 412e	d667	2403
CRC result: 7cc5	d667	2404
CRC result: adfe	d667	2405
CRC result: 5fbd	d667	2406
CRC result: ed8e	d667	2407
CRC result: b38a	d667	2408
CRC result: 896a	d667	2409
CRC result: 7981	c51d	2410
CRC result: 5add	e070	2411
CRC result: e041	b278	2412
CRC result: bf65	8e57	2413
CRC result: 8249	787f	2414
CRC result: 4937	526c	2415
CRC result: 8fd5	753c	2416
CRC result: 8dff	e508	2417
CRC result: 585	5d03	2418
CRC result: 480	d268	2419
CRC result: 655f	d667	2500
CRC result: a3c	d667	2501
CRC result: e941	d667	2502
CRC result: a4ac	d667	2503
CRC result: e965	d667	2504
CRC result: 4541	d667	2505
CRC result: e576	d667	2506
CRC result: 3c46	d667	2507
CRC result: bf3c	d667	2508
CRC result: 4477	d667	2509
CRC result: bc23	1fb2	2510
CRC result: d972	f52d	2511
CRC result: 6b9b	511b	2512
CRC result: 54fc	85f6	2513
CRC result: 702b	6a6d	2514
CRC result: 29d	d18c	2515
CRC result: 799c	1faf	2516
CRC result: 299c	8e7b	2517
CRC result: 529	596c	2518
CRC result: 963	3fb	2519
CRC result: affa	d667	2600
CRC result: dd2f	d667	2601
CRC result: 7531	d667	2602
CRC result: 24d5	d667	2603
CRC result: 8a01	d667	2604
CRC result: 990a	d667	2605
CRC result: da9a	d667	2606
CRC result: c761	d667	2607
CRC result: 491	d667	2608
CRC result: a54c	d667	2609
CRC result: ba03	1593	2610
CRC result: 258e	78bf	2611
CRC result: 23d4	77b9	2612
CRC result: 6bc5	7241	2613
CRC result: 445b	2ca9	2614
CRC result: 465b	c2b1	2615
CRC result: c142	4020	2616
CRC result: 4219	ca01	2617
CRC result: 2bcf	e83a	2618
CRC result: 7077	230f	2619
CRC result: 12c0	d667	2700
CRC result: 919c	d667	2701
CRC result: c612	d667	2702
CRC result: 67fb	d667	2703
CRC result: dd0e	d667	2704
CRC result: 9ad2	d667	2705
CRC result: 2034	d667	2706
CRC result: 22ea	d667	2707
CRC result: 8ad3	d667	2708
CRC result: fd02	d667	2709
CRC result: a627	c0cd	2710
CRC result: 3feb	2692	2711
CRC result: 3146	11d7	2712
CRC result: a8ee	98cb	2713
CRC result: 126	958f	2714
CRC result: 4788	a698	2715
CRC result: 31c9	650a	2716
CRC result: 771f	97ed	2717
CRC result: c5a1	de9c	2718
CRC result: c472	ebf	2719
CRC result: 6439	d667	2800
CRC result: e8d3	d667	2801
CRC result: d1b4	d667	2802
CRC result: b80f	d667	2803
CRC result: 1505	d667	2804
CRC result: 562e	d667	2805
CRC result: 4777	d667	2806
CRC result: 2a09	d667	2807
CRC result: bea5	d667	2808
CRC result: c382	d667	2809
CRC result: 32b1	ef34	2810
CRC result: 9e6	8202	2811
CRC result: 6042	57ef	2812
CRC result: 4a14	17e7	2813
CRC result: 448d	d2a4	2814
CRC result: 22e8	4086	2815
CRC result: 7412	e12a	2816
CRC result: 363	53d2	2817
CRC result: 9a62	9ca	2818
CRC result: fee0	c8b5	2819
CRC result: 8d0	d667	2900
CRC result: fa1	d667	2901
CRC result: a11e	d667	2902
CRC result: ea5f	d667	2903
CRC result: e11b	d667	2904
CRC result: b585	d667	2905
CRC result: ef8f	d667	2906
CRC result: 444d	d667	2907
CRC result: 2125	d667	2908
CRC result: af84	d667	2909
CRC result: fb5e	22c4	2910
CRC result: 93f2	6c94	2911
CRC result: f1f3	7853	2912
CRC result: f39d	bbe5	2913
CRC result: 721d	f3ce	2914
CRC result: e818	5d1	2915
CRC result: db61	79b6	2916
CRC result: 43d	8a5f	2917
CRC result: c173	5952	2918
CRC result: 61a7	409c	2919
CRC result: d368	d667	3000
CRC result: fccf	d667	3001
CRC result: c278	d667	3002
CRC result: 431a	d667	3003
CRC result: 9b71	d667	3004
CRC result: e601	d667	3005
CRC result: 85	d667	3006
CRC result: 6fc9	d667	3007
CRC result: ab25	d667	3008
CRC result: 538	d667	3009
CRC result: 13a4	5f7c	3010
CRC result: 31e7	6119	3011
CRC result: 977c	fc5a	3012
CRC result: e104	4d5c	3013
CRC result: bff	3f8c	3014
CRC result: a6e9	d20d	3015
CRC result: 8412	c9d8	3016
CRC result: 18df	a66f	3017
CRC result: 3203	27f9	3018
CRC result: a14e	8cf7	3019
CRC result: 8fb8	d667	3100
CRC result: 6d6e	d667	3101
CRC result: 33db	d667	3102
CRC result: f2fd	d667	3103
CRC result: b6a2	d667	3104
CRC result: 5ae1	d667	3105
CRC result: 75db	d667	3106
CRC result: 368	d667	3107
CRC result: 5288	d667	3108
CRC result: 6232	d667	3109
CRC result: dbe9	c635	3110
CRC result: 56fc	a4f9	3111
CRC result: e718	2ef5	3112
CRC result: b4db	3e65	3113
CRC result: 218e	ba6e	3114
CRC result: d32d	8307	3115
CRC result: 551a	5000	3116
CRC result: 87d4	e78c	3117
CRC result: d199	77c3	3118
CRC result: f3e0	3525	3119
CRC result: 841	d667	3200
CRC result: 57b5	d667	3201
CRC result: aa8e	d667	3202
CRC result: 756f	d667	3203
CRC result: d2b2	d667	3204
CRC result: 138c	d667	3205
CRC result: c6e6	d667	3206
CRC result: c81	d667	3207
CRC result: fc43	d667	3208
CRC result: 291e	d667	3209
CRC result: 1b3b	d106	3210
CRC result: 71fa	7541	3211
CRC result: bb56	4cdc	3212
CRC result: c4d4	f330	3213
CRC result: a72f	2237	3214
CRC result: 16a4	5d1a	3215
CRC result: 89d	9bd5	3216
CRC result: 2806	12ec	3217
CRC result: 2c27	6b57	3218
CRC result: dc72	e8a0	3219
CRC result: 7cbe	d667	3300
CRC result: 440f	d667	3301
CRC result: db11	d667	3302
CRC result: 4bbc	d667	3303
CRC result: 1cf0	d667	3304
CRC result: fedf	d667	3305
CRC result: f8e2	d667	3306
CRC result: 498e	d667	3307
CRC result: f11d	d667	3308
CRC result: c36f	d667	3309
CRC result: db45	a9b8	3310
CRC result: 4dad	a35a	3311
CRC result: c572	b9de	3312
CRC result: cc88	92f8	3313
CRC result: d6da	6a48	3314
CRC result: 6c35	9ad9	3315
CRC result: 3704	f854	3316
CRC result: 2fb3	eba4	3317
CRC result: 889	e287	3318
CRC result: 667a	b799	3319
CRC result: 7cc4	d667	3400
CRC result: 4b9b	d667	3401
CRC result: 4e5b	d667	3402
CRC result: ad2a	d667	3403
CRC result: 7dc5	d667	3404
CRC result: 2fe5	d667	3405
CRC result: 1701	d667	3406
CRC result: df5d	d667	3407
CRC result: a938	d667	3408
CRC result: e59d	d667	3409
CRC result: f39b	ad3e	3410
CRC result: 20f1	8908	3411
CRC result: be84	a24b	3412
CRC result: 1c1f	6a94	3413
CRC result: 432	d7be	3414
CRC result: cc65	b8a8	3415
CRC result: c9d3	e185	3416
CRC result: 9394	5f49	3417
CRC result: 5804	819d	3418
CRC result: d3c3	927f	3419
CRC result: 30cd	d667	3500
CRC result: 965d	d667	3501
CRC result: efc	d667	3502
CRC result: d80f	d667	3503
CRC result: 737a	d667	3504
CRC result: 14ee	d667	3505
CRC result: 6f22	d667	3506
CRC result: 2509	d667	3507
CRC result: 8bc1	d667	3508
CRC result: 1956	d667	3509
CRC result: 9b2c	d0b4	3510
CRC result: a97f	75dc	3511
CRC result: 88b	f25e	3512
CRC result: 73da	5f16	3513
CRC result: ccf	5522	3514
CRC result: c40d	9ca8	3515
CRC result: abe9	ba3c	3516
CRC result: 4198	50ef	3517
CRC result: ee25	9728	3518
CRC result: e13a	9c75	3519
CRC result: fac0	d667	3600
CRC result: a6fb	d667	3601
CRC result: 9f26	d667	3602
CRC result: b10c	d667	3603
CRC result: 654f	d667	3604
CRC result: 6ce5	d667	3605
CRC result: a3c8	d667	3606
CRC result: 2aba	d667	3608
CRC result: 2850	d667	3609
CRC result: 87f4	436d	3610
CRC result: cdf3	53ca	3611
CRC result: 359a	5252	3612
CRC result: 5085	3150	3613
CRC result: d9fd	8e33	3614
CRC result: a3cb	aec0	3615
CRC result: 253a	8f10	3616
CRC result: 65ea	c228	3617
CRC result: e98	c78d	3618
CRC result: 4146	26d9	3619
CRC result: 67a7	d667	3700
CRC result: e67a	d667	3701
CRC result: c39c	d667	3702
CRC result: 17bf	d667	3703
CRC result: 5e6a	d667	3704
CRC result: a571	d667	3705
CRC result: 89e0	d667	3706
CRC result: c937	d667	3707
CRC result: 2ea	d667	3708
CRC result: 24d6	d667	3709
CRC result: e428	729c	3710
CRC result: 2a43	136b	3711
CRC result: 87f8	88a	3712
CRC result: 8cf2	8e86	3713
CRC result: 4dd7	7314	3714
CRC result: 1ee6	c795	3715
CRC result: 63db	49cc	3716
CRC result: b3ac	4116	3717
CRC result: 8519	4b4	3718
CRC result: 95d9	744	3719
CRC result: 297d	d667	3800
CRC result: 6586	d667	3801
CRC result: cedc	d667	3802
CRC result: edbf	d667	3803
CRC result: d368	d667	3804
CRC result: afde	d667	3805
CRC result: a654	d667	3806
CRC result: 563c	d667	3807
CRC result: a87	d667	3808
CRC result: 76ee	d667	3809
CRC result: 77ab	2b19	3810
CRC result: 1e58	8b1a	3811
CRC result: e142	b431	3812
CRC result: 9326	b627	3813
CRC result: 8919	739d	3814
CRC result: de	2d27	3815
CRC result: a481	9047	3816
CRC result: b585	5d93	3817
CRC result: 9f15	b5f8	3818
CRC result: d5f9	ec92	3819
CRC result: 539c	d667	3900
CRC result: 2772	d667	3901
CRC result: 8898	d667	3902
CRC result: c435	d667	3903
CRC result: 995	d667	3904
CRC result: 19b9	d667	3905
CRC result: f988	d667	3906
CRC result: a5e5	d667	3907
CRC result: f8e0	d667	3908
CRC result: 8499	d667	3909
CRC result: 6ebe	ddc2	3910
CRC result: 2e70	d1c7	3911
CRC result: b6d1	f84	3912
CRC result: 36a	abfa	3913
CRC result: 22ef	f4a	3914
CRC result: 9cae	a231	3915
CRC result: c135	c58e	3916
CRC result: b79b	1464	3917
CRC result: 72da	357f	3918
CRC result: dad9	1aee	3919
CRC result: 104a	d667	4000
CRC result: f1d7	d667	4001
CRC result: 8f5c	d667	4002
CRC result: 7626	d667	4003
CRC result: 5118	d667	4004
CRC result: 690f	d667	4005
CRC result: 47e0	d667	4006
CRC result: 98af	d667	4007
CRC result: c676	d667	4008
CRC result: c95d	d667	4009
CRC result: 498a	93fa	4010
CRC result: 89a2	70aa	4011
CRC result: 90f8	5bac	4012
CRC result: 4fe2	855b	4013
CRC result: da39	aca6	4014
CRC result: 6739	8fdf	4015
CRC result: 9a70	c96d	4016
CRC result: a251	66c3	4017
CRC result: 8765	33	4018
CRC result: f870	6592	4019
CRC result: a780	d667	4100
CRC result: 3800	d667	4101
CRC result: dc08	d667	4102
CRC result: 5fee	d667	4103
CRC result: d9c8	d667	4104
CRC result: 9962	d667	4105
CRC result: 8ceb	d667	4106
CRC result: 218b	d667	4107
CRC result: 601f	d667	4108
CRC result: bb87	d667	4109
CRC result: 28fe	e932	4110
CRC result: d29f	38a1	4111
CRC result: c3da	ea34	4112
CRC result: 9da7	41b	4113
CRC result: 486	2bbe	4114
CRC result: da72	ced	4115
CRC result: e085	8a48	4116
CRC result: 5ca6	bf2d	4117
CRC result: 96a4	65fa	4118
CRC result: 2c0d	f79	4119
CRC result: e0d6	d667	4200
CRC result: 955e	d667	4201
CRC result: 5ed0	d667	4202
CRC result: ce62	d667	4203
CRC result: 74b2	d667	4204
CRC result: d9b4	d667	4205
CRC result: 6a5e	d667	4206
CRC result: 8fde	d667	4207
CRC result: 446c	d667	4208
CRC result: cddb	d667	4209
CRC result: cfae	cb04	4210
CRC result: e470	fe38	4211
CRC result: 4417	6d7d	4212
CRC result: bc2d	8888	4213
CRC result: 80bb	b9b7	4214
CRC result: 6094	36c7	4215
CRC result: e9b4	66c9	4216
CRC result: 7cb3	22f9	4217
CRC result: 8623	4614	4218
CRC result: 496a	cd59	4219
CRC result: 9e76	d667	4300
CRC result: 2029	d667	4301
CRC result: 4222	d667	4302
CRC result: 5e1d	d667	4303
CRC result: 2ea4	d667	4304
CRC result: b807	d667	4305
CRC result: 8415	d667	4306
CRC result: 8916	d667	4307
CRC result: 5b91	d667	4308
CRC result: f978	d667	4309
CRC result: 2d8	5830	4310
CRC result: 8752	b36	4311
CRC result: 8968	e9f3	4312
CRC result: 5e5	b96e	4313
CRC result: 5603	a876	4314
CRC result: 21a9	4635	4315
CRC result: 9f7	5378	4316
CRC result: 48c	934d	4317
CRC result: ce78	e92d	4318
CRC result: ce36	f243	4319
CRC result: 901	d667	4400
CRC result: 244b	d667	4401
CRC result: ece2	d667	4402
CRC result: ee7b	d667	4403
CRC result: 8b70	d667	4404
CRC result: 3550	d667	4405
CRC result: fb9	d667	4406
CRC result: b1ba	d667	4407
CRC result: a64e	d667	4408
CRC result: 6d2f	d667	4409
CRC result: 8232	f613	4410
CRC result: 1022	abb9	4411
CRC result: 4def	af7b	4412
CRC result: 1a2	f09	4413
CRC result: cd5	5ad1	4414
CRC result: e50f	dd0d	4415
CRC result: c93a	91b3	4416
CRC result: 3dc6	fb14	4417
CRC result: 235c	62c5	4418
CRC result: 90bc	8da3	4419
CRC result: 3d07	d667	4500
CRC result: 3f94	d667	4501
CRC result: 9370	d667	4502
CRC result: abc9	d667	4503
CRC result: 6ec3	d667	4504
CRC result: 4de0	d667	4505
CRC result: 7c1a	d667	4506
CRC result: 1d91	d667	4507
CRC result: c356	d667	4508
CRC result: e0ce	d667	4509
CRC result: ebf1	59b9	4510
CRC result: e158	7a7	4511
CRC result: f2ed	f4a9	4512
CRC result: 3c69	8500	4513
CRC result: 48b4	f1f1	4514
CRC result: acc6	748a	4515
CRC result: c39e	dca6	4516
CRC result: 1f8b	8fe	4517
CRC result: 404b	53da	4518
CRC result: d5e2	7134	4519
CRC result: 8d59	d667	4600
CRC result: f7b4	d667	4601
CRC result: 264	d667	4602
CRC result: 89a2	d667	4603
CRC result: d636	d667	4604
CRC result: ddc2	d667	4605
CRC result: eae4	d667	4606
CRC result: 911	d667	4607
CRC result: bec5	d667	4608
CRC result: ba41	d667	4609
CRC result: 503d	85b5	4610
CRC result: 16b0	9a73	4611
CRC result: a9ce	5be7	4612
CRC result: eab9	e977	4613
CRC result: e542	45fc	4614
CRC result: dc3e	a403	4615
CRC result: a6b4	1a62	4616
CRC result: 1350	b540	4617
CRC result: aea1	859f	4618
CRC result: e1b5	e50e	4619
CRC result: 519e	d667	4700
CRC result: 2197	d667	4701
CRC result: 23d8	d667	4702
CRC result: 94bb	d667	4703
CRC result: cf26	d667	4704
CRC result: fb70	d667	4705
CRC result: 2b4b	d667	4706
CRC result: f551	d667	4707
CRC result: 3b14	d667	4708
CRC result: 749c	d667	4709
CRC result: 7ec6	2ae3	4710
CRC result: 9ff7	5e24	4711
CRC result: ba1	bbe	4712
CRC result: 3d1d	4929	4713
CRC result: 8852	9a4f	4714
CRC result: 312d	f903	4715
CRC result: 7d93	902f	4716
CRC result: f949	5ee8	4717
CRC result: 9619	fb27	4718
CRC result: 3882	87fc	4719
CRC result: f76f	d667	4800
CRC result: 75bb	d667	4801
CRC result: a4d5	d667	4802
CRC result: 1154	d667	4803
CRC result: f805	d667	4804
CRC result: 6ece	d667	4805
CRC result: ed6	d667	4806
CRC result: bd66	d667	4807
CRC result: 2b06	d667	4808
CRC result: c79a	d667	4809
CRC result: fcc1	8c62	4810
CRC result: 54a4	60bd	4811
CRC result: 5c71	913f	4812
CRC result: feeb	8dd2	4813
CRC result: 9bb9	6676	4814
CRC result: 5a92	bb90	4815
CRC result: d6b7	5aa2	4816
CRC result: 9bdb	6822	4817
CRC result: 273b	4f6d	4818
CRC result: 4536	4eb0	4819
CRC result: c67	d667	4900
CRC result: 95b	d667	4901
CRC result: 67d1	d667	4902
CRC result: 5cab	d667	4903
CRC result: cc35	d667	4904
CRC result: 3bb6	d667	4905
CRC result: 6d85	d667	4906
CRC result: e5d1	d667	4907
CRC result: d14a	d667	4908
CRC result: 3da3	d667	4909
CRC result: 33ad	54e6	4910
CRC result: cf26	574	4911
CRC result: abdf	72f4	4912
CRC result: f4d	5dbf	4913
CRC result: e1b6	cf20	4914
CRC result: 3406	c262	4915
CRC result: 5511	67af	4916
CRC result: 868d	4683	4917
CRC result: 9844	219	4918
CRC result: 80c	74bf	4919
CRC result: 6403	d667	5000
CRC result: c82b	d667	5001
CRC result: 5a19	d667	5002
CRC result: 72d1	d667	5003
CRC result: 8aca	d667	5004
CRC result: e36d	d667	5005
CRC result: 2191	d667	5006
CRC result: c416	d667	5007
CRC result: 136b	d667	5008
CRC result: 544b	d667	5009
CRC result: 4524	47d	5010
CRC result: cf0d	42e7	5011
CRC result: bf04	4c99	5012
CRC result: 4c60	5e6e	5013
CRC result: 1a83	d36a	5014
CRC result: b0ca	95fa	5015
CRC result: 5b1c	7e3b	5016
CRC result: cbb	8aec	5017
CRC result: 1db3	5d34	5018
CRC result: 4e95	bc0e	5019
CRC result: 9dd5	d667	5100
CRC result: c699	d667	5101
CRC result: f50b	d667	5102
CRC result: 97bf	d667	5103
CRC result: 66d7	d667	5104
CRC result: f8f5	d667	5105
CRC result: 8eb5	d667	5106
CRC result: b31b	d667	5107
CRC result: c830	d667	5108
CRC result: 688b	d667	5109
CRC result: f7bc	35ae	5110
CRC result: bb88	d917	5111
CRC result: 73a9	2699	5112
CRC result: 4460	16ae	5113
CRC result: 38f5	d96a	5114
CRC result: b218	1c01	5115
CRC result: 2b28	7d9e	5116
CRC result: ae74	e2cd	5117
CRC result: 49cf	2f46	5118
CRC result: 59be	d0f9	5119
CRC result: ee16	d667	5200
CRC result: 705e	d667	5201
CRC result: 276c	d667	5202
CRC result: e816	d667	5203
CRC result: f23e	d667	5204
CRC result: a185	d667	5205
CRC result: ee96	d667	5206
CRC result: a013	d667	5207
CRC result: ff80	d667	5208
CRC result: 69d8	d667	5209
CRC result: 2bae	183e	5210
CRC result: fb96	ed91	5211
CRC result: e076	7a62	5212
CRC result: 344d	e7c2	5213
CRC result: 5a3b	4a1e	5214
CRC result: 152d	7d6e	5215
CRC result: a52f	838f	5216
CRC result: 7143	230b	5217
CRC result: 20a1	8cf	5218
CRC result: d0bd	762	5219
CRC result: 1943	d667	5300
CRC result: 2aad	d667	5301
CRC result: b9e4	d667	5302
CRC result: 7352	d667	5303
CRC result: c68b	d667	5304
CRC result: 3231	d667	5305
CRC result: 5ae	d667	5306
CRC result: 830	d667	5307
CRC result: 1486	d667	5308
CRC result: 9201	d667	5309
CRC result: baf	6b43	5310
CRC result: 8e01	db44	5311
CRC result: c11	d207	5312
CRC result: 5b80	9f8f	5313
CRC result: 8bcf	b457	5314
CRC result: ef46	43f8	5315
CRC result: a3be	ebc5	5316
CRC result: 8fee	ab2c	5317
CRC result: 6e3f	e3a3	5318
CRC result: b455	f98d	5319
CRC result: d414	d667	5400
CRC result: 3e52	d667	5401
CRC result: 8226	d667	5402
CRC result: a227	d667	5403
CRC result: 9589	d667	5404
CRC result: 5e4d	d667	5405
CRC result: b916	d667	5406
CRC result: ba77	d667	5407
CRC result: 9221	d667	5408
CRC result: 2c2f	d667	5409
CRC result: f9ae	c956	5410
CRC result: bc56	2344	5411
CRC result: 63e7	9103	5412
CRC result: 21db	9bd3	5413
CRC result: face	848b	5414
CRC result: 5e1a	4bd	5415
CRC result: be2f	261d	5416
CRC result: 8ced	6970	5417
CRC result: 9619	7e38	5418
CRC result: b6f6	7096	5419
CRC result: c7b0	d667	5500
CRC result: ec74	d667	5501
CRC result: 9518	d667	5502
CRC result: f166	d667	5503
CRC result: d624	d667	5504
CRC result: 928d	d667	5505
CRC result: 427	d667	5506
CRC result: 9079	d667	5507
CRC result: 74ec	d667	5508
CRC result: fde8	d667	5509
CRC result: 91f4	5191	5510
CRC result: bd70	92f3	5511
CRC result: e62c	ac1	5512
CRC result: fefd	8ded	5513
CRC result: 7202	9790	5514
CRC result: 3c04	9228	5515
CRC result: 4951	ca9d	5516
CRC result: 74e0	7b8d	5517
CRC result: 7fe3	b353	5518
CRC result: 1bed	c9f1	5519
CRC result: 764f	d667	5600
CRC result: dd4e	d667	5601
CRC result: b9ba	d667	5602
CRC result: 5ffd	d667	5603
CRC result: 8731	d667	5604
CRC result: baab	d667	5605
CRC result: 1be2	d667	5606
CRC result: 9512	d667	5607
CRC result: 176c	d667	5608
CRC result: 537e	d667	5609
CRC result: 909a	8d9a	5610
CRC result: 5b5e	a636	5611
CRC result: 147a	864d	5612
CRC result: b5b7	3434	5613
CRC result: 215b	8d6c	5614
CRC result: b769	3e5	5615
CRC result: 2890	1660	5616
CRC result: 5f11	57c8	5617
CRC result: f65a	9eb0	5618
CRC result: 62b8	e63b	5619
CRC result: 78d6	d667	5700
CRC result: 847f	d667	5701
CRC result: 5265	d667	5702
CRC result: 3853	d667	5703
CRC result: 6f41	d667	5704
CRC result: adb4	d667	5705
CRC result: ab4e	d667	5706
CRC result: 8a6b	d667	5707
CRC result: a5a0	d667	5708
CRC result: 1b45	d667	5709
CRC result: c053	e39e	5710
CRC result: b4ec	8489	5711
CRC result: 6d87	685f	5712
CRC result: 83ff	d9fc	5713
CRC result: 3f7	1050	5714
CRC result: c571	2446	5715
CRC result: 74f3	42ab	5716
CRC result: 91e	4ce8	5717
CRC result: 7cff	14f7	5718
CRC result: 20b5	5b56	5719
CRC result: 8d3f	d667	5800
CRC result: 89be	d667	5801
CRC result: 837c	d667	5802
CRC result: 2d59	d667	5803
CRC result: 4146	d667	5804
CRC result: d704	d667	5805
CRC result: 7fe2	d667	5806
CRC result: 8fc7	d667	5807
CRC result: 9de	d667	5808
CRC result: ae2	d667	5809
CRC result: 7c01	5137	5810
CRC result: 77c	8f0a	5811
CRC result: ca56	c25d	5812
CRC result: a561	b54d	5813
CRC result: cfd8	8027	5814
CRC result: 1944	3d7	5815
CRC result: e8	8ace	5816
CRC result: 26d	6414	5817
CRC result: eb59	2c7	5818
CRC result: 41e7	4a27	5819
CRC result: f62e	d667	5900
CRC result: 885f	d667	5901
CRC result: a62e	d667	5902
CRC result: 43f7	d667	5903
CRC result: 3df3	d667	5904
CRC result: 64f8	d667	5905
CRC result: fdba	d667	5906
CRC result: 47c6	d667	5907
CRC result: 9e5e	d667	5908
CRC result: fdb1	d667	5909
CRC result: 9f87	53be	5910
CRC result: b94	bdf	5911
CRC result: 5f79	4ffb	5912
CRC result: d2f5	6754	5913
CRC result: 505e	f843	5914
CRC result: 5358	9f9a	5915
CRC result: 644e	c8c5	5916
CRC result: b694	8575	5917
CRC result: 8acc	4637	5918
CRC result: 43c5	ead	5919
CRC result: b13f	d667	6000
CRC result: d94d	d667	6001
CRC result: aeb	d667	6002
CRC result: dacc	d667	6003
CRC result: 4551	d667	6004
CRC result: fd3f	d667	6005
CRC result: 7079	d667	6006
CRC result: 6a59	d667	6007
CRC result: 8676	d667	6008
CRC result: 15cb	d667	6009
CRC result: f7c1	a25d	6010
CRC result: 8c49	dacb	6011
CRC result: d578	daf9	6012
CRC result: 9fbc	571d	6013
CRC result: df03	d222	6014
CRC result: f776	7bcb	6015
CRC result: 43e6	4cdd	6016
CRC result: cb74	1397	6017
CRC result: cf43	aad5	6018
CRC result: f99d	d967	6019
CRC result: 3930	d667	6100
CRC result: 27e4	d667	6101
CRC result: 2c5b	d667	6102
CRC result: a041	d667	6103
CRC result: 86d0	d667	6104
CRC result: d37a	d667	6105
CRC result: 699c	d667	6106
CRC result: 6b40	d667	6107
CRC result: db3b	d667	6108
CRC result: 746d	d667	6109
CRC result: 5719	2c09	6110
CRC result: f85a	3d3a	6111
CRC result: 6975	9148	6112
CRC result: 9317	5c9	6113
CRC result: 34f3	7baf	6114
CRC result: e2d	8f9a	6115
CRC result: fd0d	2973	6116
CRC result: 7bf1	5e7a	6117
CRC result: aadf	3867	6118
CRC result: 529f	990f	6119
CRC result: 98a9	d667	6200
CRC result: fb7	d667	6201
CRC result: 6265	d667	6202
CRC result: 1a8e	d667	6203
CRC result: 8003	d667	6204
CRC result: 893f	d667	6205
CRC result: d632	d667	6206
CRC result: 23db	d667	6207
CRC result: 9a54	d667	6208
CRC result: 1cb5	d667	6209
CRC result: c01c	32f0	6210
CRC result: a16e	f18f	6211
CRC result: c096	a4d3	6212
CRC result: 9a86	8c45	6213
CRC result: 688a	f744	6214
CRC result: 7753	42c4	6215
CRC result: 34b3	ebb1	6216
CRC result: 9716	135d	6217
CRC result: 595	4ea5	6218
CRC result: c189	e7aa	6219
CRC result: 5ccd	d667	6300
CRC result: 5f4c	d667	6301
CRC result: c8b5	d667	6302
CRC result: a816	d667	6303
CRC result: 8234	d667	6304
CRC result: 1101	d667	6305
CRC result: e68c	d667	6306
CRC result: d430	d667	6307
CRC result: d769	d667	6308
CRC result: 51d0	d667	6309
CRC result: 9782	8210	6310
CRC result: 317a	1a6e	6311
CRC result: f3b2	adb	6312
CRC result: 6074	b211	6313
CRC result: 5a1	9c0f	6314
CRC result: 691f	c835	6315
CRC result: 9029	9b85	6316
CRC result: e764	dba6	6317
CRC result: bb80	9357	6318
CRC result: a57f	1475	6319
CRC result: 8009	d667	6400
CRC result: 3f44	d667	6401
CRC result: ac22	d667	6402
CRC result: 7d52	d667	6403
CRC result: 3a46	d667	6404
CRC result: da22	d667	6405
CRC result: 58a4	d667	6406
CRC result: 664f	d667	6407
CRC result: a72	d667	6408
CRC result: ad9	d667	6409
CRC result: db4d	2fc	6410
CRC result: f5f8	8b2e	6411
CRC result: ef0	72bc	6412
CRC result: dc8f	ba25	6413
CRC result: f5ac	3d00	6414
CRC result: 81f3	35af	6415
CRC result: 6c24	3197	6416
CRC result: 918f	f576	6417
CRC result: 58dd	f8c2	6418
CRC result: 4a56	64dd	6419
CRC result: 3e2e	d667	6500
CRC result: 6245	d667	6501
CRC result: 1019	d667	6502
CRC result: 69f4	d667	6503
CRC result: f25e	d667	6504
CRC result: 25ec	d667	6505
CRC result: 25b9	d667	6506
CRC result: e440	d667	6507
CRC result: 9677	d667	6508
CRC result: c31a	d667	6509
CRC result: 2298	27e6	6510
CRC result: 80	9c2	6511
CRC result: 5d46	3d7c	6512
CRC result: d27a	cd9f	6513
CRC result: dab2	b34	6514
CRC result: 3e0b	63e	6515
CRC result: f24d	830d	6516
CRC result: c176	5dfc	6517
CRC result: ba8a	b7b1	6518
CRC result: 3ceb	3c7d	6519
CRC result: 67c1	d667	6600
CRC result: b1b3	d667	6601
CRC result: 563e	d667	6602
CRC result: 34fe	d667	6603
CRC result: b500	d667	6604
CRC result: fd9	d667	6605
CRC result: 2e07	d667	6606
CRC result: d7b1	d667	6607
CRC result: 4e7c	d667	6608
CRC result: 37ae	d667	6609
CRC result: 63e5	f0fd	6610
CRC result: a49f	b07c	6611
CRC result: f3c1	5645	6612
CRC result: 1e2e	480e	6613
CRC result: 256b	3ad	6614
CRC result: 508f	3ceb	6615
CRC result: dd75	d0b5	6616
CRC result: 8e89	f9fc	6617
CRC result: f879	98b	6618
CRC result: 7278	9b1f	6619
CRC result: 61e1	d667	6700
CRC result: 1297	d667	6701
CRC result: de03	d667	6702
CRC result: 3ceb	d667	6703
CRC result: 95ca	d667	6704
CRC result: 833b	d667	6705
CRC result: 6286	d667	6706
CRC result: dcd3	d667	6707
CRC result: f976	d667	6708
CRC result: f5ec	d667	6709
CRC result: 65be	eaad	6710
CRC result: cac0	574d	6711
CRC result: 7a68	edab	6712
CRC result: 398d	954d	6713
CRC result: 6dbd	6fa	6714
CRC result: 1d76	5959	6715
CRC result: eb94	29e1	6716
CRC result: 9256	86e	6717
CRC result: dd10	ed5c	6718
CRC result: 779a	d4ad	6719
CRC result: 12d6	d667	6800
CRC result: 3a32	d667	6801
CRC result: e691	d667	6802
CRC result: 59c2	d667	6803
CRC result: 451e	d667	6804
CRC result: 6fa3	d667	6805
CRC result: 8406	d667	6806
CRC result: ace7	d667	6807
CRC result: 75e2	d667	6808
CRC result: d4c8	d667	6809
CRC result: 99f5	8537	6810
CRC result: 147a	d3ef	6811
CRC result: 1b9c	ad19	6812
CRC result: 1ca0	7a23	6813
CRC result: 95c	3eb7	6814
CRC result: 9e60	8880	6815
CRC result: 192a	2a9b	6816
CRC result: 128	3855	6817
CRC result: 76d9	3115	6818
CRC result: bebe	c69a	6819
CRC result: fc25	d667	6900
CRC result: f427	d667	6901
CRC result: c123	d667	6902
CRC result: 4f9c	d667	6903
CRC result: 6451	d667	6904
CRC result: eb57	d667	6905
CRC result: b67f	d667	6906
CRC result: c8cc	d667	6907
CRC result: daa3	d667	6908
CRC result: 5edf	d667	6909
CRC result: dcca	be3b	6910
CRC result: 733c	f862	6911
CRC result: 569d	7bce	6912
CRC result: 8dfb	d0fd	6913
CRC result: f8e4	a25e	6914
CRC result: be14	47a6	6915
CRC result: 24c7	df8b	6916
CRC result: 6fa7	99e6	6917
CRC result: a41f	6d40	6918
CRC result: 25fe	91d4	6919
CRC result: 9978	d667	7000
CRC result: 8bd7	d667	7001
CRC result: fe50	d667	7002
CRC result: eff4	d667	7003
CRC result: bf13	d667	7004
CRC result: d647	d667	7005
CRC result: 7c5a	d667	7006
CRC result: 5770	d667	7007
CRC result: bd56	d667	7008
CRC result: c25c	d667	7009
CRC result: 578e	d9e5	7010
CRC result: 24ee	176b	7011
CRC result: b003	8ca1	7012
CRC result: 13e2	92f5	7013
CRC result: 9e76	a099	7014
CRC result: 77c5	b9fb	7015
CRC result: 4c38	fd4f	7016
CRC result: ac39	b7f4	7017
CRC result: 5d76	9ae0	7018
CRC result: 8bcd	b79e	7019
CRC result: bb1c	d667	7100
CRC result: 4ae4	d667	7101
CRC result: 5f43	d667	7102
CRC result: b541	d667	7103
CRC result: 72c3	d667	7104
CRC result: 5dbb	d667	7105
CRC result: 5c00	d667	7106
CRC result: 36a8	d667	7107
CRC result: a1a0	d667	7108
CRC result: 5081	d667	7109
CRC result: 273f	13ae	7110
CRC result: 65bc	7b7a	7111
CRC result: 9733	858f	7112
CRC result: 64e8	a855	7113
CRC result: a73a	c17	7114
CRC result: 243b	e750	7115
CRC result: ff0b	642c	7116
CRC result: 7c2c	2189	7117
CRC result: ae95	6bd1	7118
CRC result: d3d	3182	7119
CRC result: a244	d667	7200
CRC result: 51f3	d667	7201
CRC result: dcf3	d667	7202
CRC result: 3789	d667	7203
CRC result: 815b	d667	7204
CRC result: 9263	d667	7205
CRC result: c12b	d667	7206
CRC result: 972f	d667	7207
CRC result: e9bc	d667	7208
CRC result: c8a7	d667	7209
CRC result: e538	4859	7210
CRC result: 3a34	6c69	7211
CRC result: e0d4	cd45	7212
CRC result: cdb4	aefa	7213
CRC result: ae04	4774	7214
CRC result: 942	a171	7215
CRC result: 6c06	5632	7216
CRC result: 5f76	2f00	7217
CRC result: c363	595e	7218
CRC result: 5afb	1a80	7219
CRC result: 5258	d667	7300
CRC result: b4fd	d667	7301
CRC result: a6e9	d667	7302
CRC result: 8a5e	d667	7303
CRC result: dfb8	d667	7304
CRC result: 2655	d667	7305
CRC result: d592	d667	7306
CRC result: 1cee	d667	7307
CRC result: fba6	d667	7308
CRC result: 984b	d667	7309
CRC result: eca0	ffc0	7310
CRC result: b92f	21e	7311
CRC result: 7a33	f758	7312
CRC result: 41e0	65a5	7313
CRC result: f5a0	7f09	7314
CRC result: 7b1	e9b	7315
CRC result: e8c2	9a3b	7316
CRC result: 87ac	2835	7317
CRC result: c614	28b8	7318
CRC result: 6ddb	f7bf	7319
CRC result: 5732	d667	7400
CRC result: cba7	d667	7401
CRC result: ac2c	d667	7402
CRC result: 8cd2	d667	7403
CRC result: 214c	d667	7404
CRC result: 8b9c	d667	7405
CRC result: ac45	d667	7406
CRC result: 1235	d667	7407
CRC result: d989	d667	7408
CRC result: 10c5	d667	7409
CRC result: 6fee	29	7410
CRC result: 418a	7e79	7411
CRC result: 2962	bdba	7412
CRC result: 34c8	248f	7413
CRC result: 6820	e17	7414
CRC result: 66c6	180c	7415
CRC result: babb	caa9	7416
CRC result: d712	ee73	7417
CRC result: 7b35	5831	7418
CRC result: bd93	9f7e	7419
CRC result: f05	d667	7500
CRC result: fa9b	d667	7501
CRC result: f731	d667	7502
CRC result: bbb3	d667	7503
CRC result: 369b	d667	7504
CRC result: 24a1	d667	7505
CRC result: 427c	d667	7506
CRC result: 1f1c	d667	7507
CRC result: 85f8	d667	7508
CRC result: cab3	d667	7509
CRC result: ecb4	7ad0	7510
CRC result: 89b3	f7b5	7511
CRC result: 6bfc	9f4b	7512
CRC result: cd71	7ad9	7513
CRC result: 3a4f	4501	7514
CRC result: 2e0f	30f0	7515
CRC result: 372	65e	7516
CRC result: e2db	4da7	7517
CRC result: cad7	8613	7518
CRC result: a24e	584f	7519
CRC result: c7e0	d667	7600
CRC result: e747	d667	7601
CRC result: e76e	d667	7602
CRC result: 4fcc	d667	7603
CRC result: eede	d667	7604
CRC result: 8405	d667	7605
CRC result: 79a2	d667	7606
CRC result: 93dd	d667	7607
CRC result: 409	d667	7608
CRC result: 1ab	d667	7609
CRC result: ead3	1c54	7610
CRC result: d3d8	cf1e	7611
CRC result: 1f21	8efc	7612
CRC result: 83e1	ee62	7613
CRC result: e930	fc2c	7614
CRC result: 99df	822f	7615
CRC result: 7a61	99ba	7616
CRC result: f64a	d98b	7617
CRC result: c6bf	e9d0	7618
CRC result: a408	1142	7619
CRC result: 20fd	d667	7700
CRC result: 945e	d667	7701
CRC result: 37ee	d667	7702
CRC result: e8e	d667	7703
CRC result: 62f0	d667	7704
CRC result: 6f79	d667	7705
CRC result: ede9	d667	7706
CRC result: ec84	d667	7707
CRC result: 2fa5	d667	7708
CRC result: 5a4b	d667	7709
CRC result: 9b03	ea40	7710
CRC result: 2582	827e	7711
CRC result: 7d9c	171d	7712
CRC result: e8c3	28a9	7713
CRC result: 25dd	8c6d	7714
CRC result: ef35	9387	7715
CRC result: 6e36	6ff2	7716
CRC result: 5542	7c47	7717
CRC result: 942e	c7a9	7718
CRC result: 9a18	5435	7719
CRC result: 8abc	d667	7800
CRC result: 38ad	d667	7801
CRC result: 6217	d667	7802
CRC result: daa	d667	7803
CRC result: 918b	d667	7804
CRC result: 940c	d667	7805
CRC result: d1b4	d667	7806
CRC result: cd4a	d667	7807
CRC result: 73b1	d667	7808
CRC result: 43bb	d667	7809
CRC result: 3e3	ed5f	7810
CRC result: 1246	399c	7811
CRC result: 1139	cdef	7812
CRC result: a87e	ccf9	7813
CRC result: 36b8	586c	7814
CRC result: 2ad4	e2fa	7815
CRC result: ea05	40f3	7816
CRC result: b7c3	cd9e	7817
CRC result: 6396	ff17	7818
CRC result: 854b	905d	7819
CRC result: 7306	d667	7900
CRC result: 7007	d667	7901
CRC result: 875a	d667	7902
CRC result: 85db	d667	7903
CRC result: 11ff	d667	7904
CRC result: 33fe	d667	7905
CRC result: 1812	d667	7906
CRC result: 2c3b	d667	7907
CRC result: daee	d667	7908
CRC result: 7149	d667	7909
CRC result: 1204	17ab	7910
CRC result: f5d7	5286	7911
CRC result: 6c1c	9672	7912
CRC result: 1d93	2cce	7913
CRC result: a40	2da6	7914
CRC result: 20ec	f40e	7915
CRC result: aa53	84fb	7916
CRC result: 2941	e201	7917
CRC result: ac43	c42a	7918
CRC result: b770	5d6b	7919
CRC result: c91f	d667	8000
CRC result: f46d	d667	8001
CRC result: c773	d667	8002
CRC result: 1169	d667	8003
CRC result: bbf3	d667	8004
CRC result: 443d	d667	8005
CRC result: 11ee	d667	8006
CRC result: 1d48	d667	8007
CRC result: 7f03	d667	8008
CRC result: a632	d667	8009
CRC result: fd18	688e	8010
CRC result: 9a2d	cd9f	8011
CRC result: 81e6	6959	8012
CRC result: 607e	67bc	8013
CRC result: edbc	4aa8	8014
CRC result: efea	3caf	8015
CRC result: 1a7b	bf65	8016
CRC result: 360d	e248	8017
CRC result: a761	381c	8018
CRC result: 9351	dd84	8019
CRC result: 3cc4	d667	8100
CRC result: 36aa	d667	8101
CRC result: 16ff	d667	8102
CRC result: c0e0	d667	8103
CRC result: 98d8	d667	8104
CRC result: 78f8	d667	8105
CRC result: 20f0	d667	8106
CRC result: 16f4	d667	8107
CRC result: 4841	d667	8108
CRC result: 2b27	d667	8109
CRC result: aa2	d538	8110
CRC result: d37c	e764	8111
CRC result: afb2	bf70	8112
CRC result: 6296	e59c	8113
CRC result: a968	de59	8114
CRC result: e39e	e1f4	8115
CRC result: 3eb3	8b44	8116
CRC result: 7542	b6ff	8117
CRC result: 7b1b	ddc	8118
CRC result: bd90	3100	8119
CRC result: f426	d667	8200
CRC result: d5e6	d667	8201
CRC result: 4267	d667	8202
CRC result: c433	d667	8203
CRC result: 532	d667	8204
CRC result: fe35	d667	8205
CRC result: cf8a	d667	8206
CRC result: 68d	d667	8207
CRC result: 5055	d667	8208
CRC result: 1a0b	d667	8209
CRC result: 80bf	327e	8210
CRC result: e79a	99d6	8211
CRC result: 703e	b444	8212
CRC result: 951d	6bd3	8213
CRC result: 2ab	c045	8214
CRC result: 30f7	c74	8215
CRC result: 2085	7ea	8216
CRC result: 8d06	f04b	8217
CRC result: f97c	1674	8218
CRC result: f08b	d18d	8219
CRC result: 1f93	d667	8300
CRC result: c96c	d667	8301
CRC result: fa49	d667	8302
CRC result: 1576	d667	8303
CRC result: 5a7	d667	8304
CRC result: 8e68	d667	8305
CRC result: ccab	d667	8306
CRC result: ec95	d667	8307
CRC result: 56d2	d667	8308
CRC result: b600	d667	8309
CRC result: 6fa0	8d46	8310
CRC result: 5fc	9c61	8311
CRC result: 4cb5	f72d	8312
CRC result: f483	bd18	8313
CRC result: e7bd	8e1c	8314
CRC result: b1aa	6bcc	8315
CRC result: 7a0c	474c	8316
CRC result: 2d12	38c0	8317
CRC result: 3464	5639	8318
CRC result: dcda	88a5	8319
CRC result: 1a2b	d667	8400
CRC result: 5ecb	d667	8401
CRC result: 6b7a	d667	8402
CRC result: 418c	d667	8403
CRC result: baae	d667	8404
CRC result: 6dec	d667	8405
CRC result: a180	d667	8406
CRC result: e657	d667	8407
CRC result: 4ab6	d667	8408
CRC result: d5ba	d667	8409
CRC result: fd35	a092	8410
CRC result: 6522	7e09	8411
CRC result: 5f58	a01c	8412
CRC result: 3c1c	de81	8413
CRC result: b3d6	6e66	8414
CRC result: b13f	6f31	8415
CRC result: 9588	3a3d	8416
CRC result: a0b7	6aac	8417
CRC result: 14ef	6643	8418
CRC result: 5960	51d4	8419
CRC result: 8385	d667	8500
CRC result: fb8f	d667	8501
CRC result: 3c33	d667	8502
CRC result: 51c0	d667	8503
CRC result: e2d7	d667	8504
CRC result: bcbe	d667	8505
CRC result: 1e0d	d667	8506
CRC result: ba69	d667	8507
CRC result: 9a98	d667	8508
CRC result: feb0	d667	8509
CRC result: cf5c	c79f	8510
CRC result: a7c2	ee11	8511
CRC result: 452d	a1e5	8512
CRC result: c20a	9d4e	8513
CRC result: 7898	ada	8514
CRC result: d12a	1a67	8515
CRC result: 694d	ca83	8516
CRC result: 24d7	d054	8517
CRC result: f285	fc08	8518
CRC result: 5b8b	7769	8519
